#
# There is insufficient memory for the Java Runtime Environment to continue.
# Native memory allocation (malloc) failed to allocate 1048576 bytes for AllocateHeap
# Possible reasons:
#   The system is out of physical RAM or swap space
#   The process is running with CompressedOops enabled, and the Java Heap may be blocking the growth of the native heap
# Possible solutions:
#   Reduce memory load on the system
#   Increase physical memory or swap space
#   Check if swap backing store is full
#   Decrease Java heap size (-Xmx/-Xms)
#   Decrease number of Java threads
#   Decrease Java thread stack sizes (-Xss)
#   Set larger code cache with -XX:ReservedCodeCacheSize=
#   JVM is running with Unscaled Compressed Oops mode in which the Java heap is
#     placed in the first 4GB address space. The Java Heap base address is the
#     maximum limit for the native heap growth. Please use -XX:HeapBaseMinAddress
#     to set the Java Heap base and to place the Java Heap above 4GB virtual address.
# This output file may be truncated or incomplete.
#
#  Out of Memory Error (./open/src/hotspot/share/memory/allocation.cpp:44), pid=9108, tid=13956
#
# JRE version: OpenJDK Runtime Environment (15.0.2+7) (build 15.0.2+7-27)
# Java VM: OpenJDK 64-Bit Server VM (15.0.2+7-27, mixed mode, sharing, tiered, compressed oops, g1 gc, windows-amd64)
# No core dump will be written. Minidumps are not enabled by default on client versions of Windows
#

---------------  S U M M A R Y ------------

Command Line: -XX:TieredStopAtLevel=1 -Xverify:none -Dspring.output.ansi.enabled=always -javaagent:C:\Program Files\JetBrains\IntelliJ IDEA 2020.2.2\lib\idea_rt.jar=10926:C:\Program Files\JetBrains\IntelliJ IDEA 2020.2.2\bin -Dcom.sun.management.jmxremote -Dspring.jmx.enabled=true -Dspring.liveBeansView.mbeanDomain -Dspring.application.admin.enabled=true -Dfile.encoding=UTF-8 uor.fot.canteen.CanteenApplication

Host: AMD A9-9420 RADEON R5, 5 COMPUTE CORES 2C+3G   , 2 cores, 7G,  Windows 10 , 64 bit Build 19041 (10.0.19041.1023)
Time: Mon Jul  5 20:36:04 2021 Sri Lanka Standard Time elapsed time: 2.899102 seconds (0d 0h 0m 2s)

---------------  T H R E A D  ---------------

Current thread (0x000002687ec48350):  VMThread "VM Thread" [stack: 0x0000008700600000,0x0000008700700000] [id=13956]

Stack: [0x0000008700600000,0x0000008700700000]
[error occurred during error reporting (printing stack bounds), id 0xc0000005, EXCEPTION_ACCESS_VIOLATION (0xc0000005) at pc=0x000002686f1410ad]

Native frames: (J=compiled Java code, j=interpreted, Vv=VM code, C=native code)
V  [jvm.dll+0x62ae9a]
V  [jvm.dll+0x7817a9]
V  [jvm.dll+0x782f03]
V  [jvm.dll+0x7834c5]
V  [jvm.dll+0x78347b]
V  [jvm.dll+0x62a2b9]
V  [jvm.dll+0x62aa88]
C  [ntdll.dll+0xa217f]
C  [ntdll.dll+0x51454]
C  [ntdll.dll+0xa0cae]
C  0x000002686f1410ad

VM_Operation (0x00000087000fc220): CollectForMetadataAllocation, mode: safepoint, requested by thread 0x0000026866f11570


---------------  P R O C E S S  ---------------

Threads class SMR info:
_java_thread_list=0x0000026805cc3100, length=12, elements={
0x0000026866f11570, 0x0000026866fddbd0, 0x000002687ec4af20, 0x000002687ec655f0,
0x000002687ec65eb0, 0x000002687ec68780, 0x000002687ec6a050, 0x000002687ec9c870,
0x0000026866fc9cf0, 0x000002687f9656b0, 0x000002687f965b80, 0x0000026805d25e40
}

Java Threads: ( => current thread )
  0x0000026866f11570 JavaThread "main" [_thread_blocked, id=3892, stack(0x0000008700000000,0x0000008700100000)]
  0x0000026866fddbd0 JavaThread "Reference Handler" daemon [_thread_blocked, id=1384, stack(0x0000008700700000,0x0000008700800000)]
  0x000002687ec4af20 JavaThread "Finalizer" daemon [_thread_blocked, id=11508, stack(0x0000008700800000,0x0000008700900000)]
  0x000002687ec655f0 JavaThread "Signal Dispatcher" daemon [_thread_blocked, id=10524, stack(0x0000008700900000,0x0000008700a00000)]
  0x000002687ec65eb0 JavaThread "Attach Listener" daemon [_thread_blocked, id=13872, stack(0x0000008700a00000,0x0000008700b00000)]
  0x000002687ec68780 JavaThread "Service Thread" daemon [_thread_blocked, id=9876, stack(0x0000008700b00000,0x0000008700c00000)]
  0x000002687ec6a050 JavaThread "C1 CompilerThread0" daemon [_thread_blocked, id=8036, stack(0x0000008700c00000,0x0000008700d00000)]
  0x000002687ec9c870 JavaThread "Sweeper thread" daemon [_thread_blocked, id=2228, stack(0x0000008700d00000,0x0000008700e00000)]
  0x0000026866fc9cf0 JavaThread "Common-Cleaner" daemon [_thread_blocked, id=12540, stack(0x0000008700e00000,0x0000008700f00000)]
  0x000002687f9656b0 JavaThread "Monitor Ctrl-Break" daemon [_thread_in_native, id=14140, stack(0x0000008700f00000,0x0000008701000000)]
  0x000002687f965b80 JavaThread "Notification Thread" daemon [_thread_blocked, id=9056, stack(0x0000008701000000,0x0000008701100000)]
  0x0000026805d25e40 JavaThread "RMI TCP Accept-0" daemon [_thread_in_native, id=10528, stack(0x0000008701200000,0x0000008701300000)]

Other Threads:
=>0x000002687ec48350 VMThread "VM Thread" [stack: 0x0000008700600000,0x0000008700700000] [id=13956]
  0x0000026866f126a0 WatcherThread [stack: 0x0000008701300000,0x0000008701400000] [id=1872]
  0x0000026866f49a90 GCTaskThread "GC Thread#0" [stack: 0x0000008700100000,0x0000008700200000] [id=2180]
  0x000002687f67a240 GCTaskThread "GC Thread#1" [stack: 0x0000008701100000,0x0000008701200000] [id=996]
  0x0000026866f59890 ConcurrentGCThread "G1 Main Marker" [stack: 0x0000008700200000,0x0000008700300000] [id=5016]
  0x0000026866f5aa30 ConcurrentGCThread "G1 Conc#0" [stack: 0x0000008700300000,0x0000008700400000] [id=2868]
  0x0000026866fb7540 ConcurrentGCThread "G1 Refine#0" [stack: 0x0000008700400000,0x0000008700500000] [id=9172]
  0x0000026866fb8050 ConcurrentGCThread "G1 Young RemSet Sampling" [stack: 0x0000008700500000,0x0000008700600000] [id=9928]

Threads with active compile tasks:

VM state: at safepoint (normal execution)

VM Mutex/Monitor currently owned by a thread:  ([mutex/lock_event])
[0x0000026866f0ca10] Threads_lock - owner thread: 0x000002687ec48350
[0x0000026866f0c860] Heap_lock - owner thread: 0x0000026866f11570

Heap address: 0x0000000088800000, size: 1912 MB, Compressed Oops mode: 32-bit
CDS archive(s) mapped at: [0x0000000800000000-0x0000000800b50000-0x0000000800b50000), size 11862016, SharedBaseAddress: 0x0000000800000000, ArchiveRelocationMode: 0.
Compressed class space mapped at: 0x0000000800b50000-0x0000000840b50000, size: 1073741824
Narrow klass base: 0x0000000800000000, Narrow klass shift: 3, Narrow klass range: 0x100000000

GC Precious Log:
 CPUs: 2 total, 2 available
 Memory: 7645M
 Large Page Support: Disabled
 NUMA Support: Disabled
 Compressed Oops: Enabled (32-bit)
 Heap Region Size: 1M
 Heap Min Capacity: 8M
 Heap Initial Capacity: 120M
 Heap Max Capacity: 1912M
 Pre-touch: Disabled
 Parallel Workers: 2
 Concurrent Workers: 1
 Concurrent Refinement Workers: 2
 Periodic GC: Disabled

Heap:
 garbage-first heap   total 122880K, used 7144K [0x0000000088800000, 0x0000000100000000)
  region size 1024K, 1 young (1024K), 1 survivors (1024K)
 Metaspace       used 6269K, capacity 6370K, committed 6528K, reserved 1064960K
  class space    used 737K, capacity 773K, committed 896K, reserved 1048576K

Heap Regions: E=young(eden), S=young(survivor), O=old, HS=humongous(starts), HC=humongous(continues), CS=collection set, F=free, OA=open archive, CA=closed archive, TAMS=top-at-mark-start (previous, next)
|   0|0x0000000088800000, 0x0000000088900000, 0x0000000088900000|100%|HS|  |TAMS 0x0000000088800000, 0x0000000088900000| Complete 
|   1|0x0000000088900000, 0x0000000088a00000, 0x0000000088a00000|100%| O|  |TAMS 0x0000000088900000, 0x0000000088a00000| Untracked 
|   2|0x0000000088a00000, 0x0000000088b00000, 0x0000000088b00000|100%| O|  |TAMS 0x0000000088a00000, 0x0000000088b00000| Untracked 
|   3|0x0000000088b00000, 0x0000000088c00000, 0x0000000088c00000|100%| O|  |TAMS 0x0000000088b00000, 0x0000000088c00000| Untracked 
|   4|0x0000000088c00000, 0x0000000088d00000, 0x0000000088d00000|100%| O|  |TAMS 0x0000000088c00000, 0x0000000088d00000| Untracked 
|   5|0x0000000088d00000, 0x0000000088e00000, 0x0000000088e00000|100%| O|  |TAMS 0x0000000088d00000, 0x0000000088d00000| Untracked 
|   6|0x0000000088e00000, 0x0000000088e00000, 0x0000000088f00000|  0%| F|  |TAMS 0x0000000088e00000, 0x0000000088e00000| Untracked 
|   7|0x0000000088f00000, 0x0000000088f00000, 0x0000000089000000|  0%| F|  |TAMS 0x0000000088f00000, 0x0000000088f00000| Untracked 
|   8|0x0000000089000000, 0x0000000089000000, 0x0000000089100000|  0%| F|  |TAMS 0x0000000089000000, 0x0000000089000000| Untracked 
|   9|0x0000000089100000, 0x0000000089100000, 0x0000000089200000|  0%| F|  |TAMS 0x0000000089100000, 0x0000000089100000| Untracked 
|  10|0x0000000089200000, 0x0000000089200000, 0x0000000089300000|  0%| F|  |TAMS 0x0000000089200000, 0x0000000089200000| Untracked 
|  11|0x0000000089300000, 0x0000000089300000, 0x0000000089400000|  0%| F|  |TAMS 0x0000000089300000, 0x0000000089300000| Untracked 
|  12|0x0000000089400000, 0x0000000089400000, 0x0000000089500000|  0%| F|  |TAMS 0x0000000089400000, 0x0000000089400000| Untracked 
|  13|0x0000000089500000, 0x0000000089500000, 0x0000000089600000|  0%| F|  |TAMS 0x0000000089500000, 0x0000000089500000| Untracked 
|  14|0x0000000089600000, 0x0000000089600000, 0x0000000089700000|  0%| F|  |TAMS 0x0000000089600000, 0x0000000089600000| Untracked 
|  15|0x0000000089700000, 0x0000000089700000, 0x0000000089800000|  0%| F|  |TAMS 0x0000000089700000, 0x0000000089700000| Untracked 
|  16|0x0000000089800000, 0x0000000089800000, 0x0000000089900000|  0%| F|  |TAMS 0x0000000089800000, 0x0000000089800000| Untracked 
|  17|0x0000000089900000, 0x0000000089900000, 0x0000000089a00000|  0%| F|  |TAMS 0x0000000089900000, 0x0000000089900000| Untracked 
|  18|0x0000000089a00000, 0x0000000089a00000, 0x0000000089b00000|  0%| F|  |TAMS 0x0000000089a00000, 0x0000000089a00000| Untracked 
|  19|0x0000000089b00000, 0x0000000089b00000, 0x0000000089c00000|  0%| F|  |TAMS 0x0000000089b00000, 0x0000000089b00000| Untracked 
|  20|0x0000000089c00000, 0x0000000089c00000, 0x0000000089d00000|  0%| F|  |TAMS 0x0000000089c00000, 0x0000000089c00000| Untracked 
|  21|0x0000000089d00000, 0x0000000089d00000, 0x0000000089e00000|  0%| F|  |TAMS 0x0000000089d00000, 0x0000000089d00000| Untracked 
|  22|0x0000000089e00000, 0x0000000089e00000, 0x0000000089f00000|  0%| F|  |TAMS 0x0000000089e00000, 0x0000000089e00000| Untracked 
|  23|0x0000000089f00000, 0x0000000089f00000, 0x000000008a000000|  0%| F|  |TAMS 0x0000000089f00000, 0x0000000089f00000| Untracked 
|  24|0x000000008a000000, 0x000000008a000000, 0x000000008a100000|  0%| F|  |TAMS 0x000000008a000000, 0x000000008a000000| Untracked 
|  25|0x000000008a100000, 0x000000008a100000, 0x000000008a200000|  0%| F|  |TAMS 0x000000008a100000, 0x000000008a100000| Untracked 
|  26|0x000000008a200000, 0x000000008a200000, 0x000000008a300000|  0%| F|  |TAMS 0x000000008a200000, 0x000000008a200000| Untracked 
|  27|0x000000008a300000, 0x000000008a300000, 0x000000008a400000|  0%| F|  |TAMS 0x000000008a300000, 0x000000008a300000| Untracked 
|  28|0x000000008a400000, 0x000000008a400000, 0x000000008a500000|  0%| F|  |TAMS 0x000000008a400000, 0x000000008a400000| Untracked 
|  29|0x000000008a500000, 0x000000008a500000, 0x000000008a600000|  0%| F|  |TAMS 0x000000008a500000, 0x000000008a500000| Untracked 
|  30|0x000000008a600000, 0x000000008a600000, 0x000000008a700000|  0%| F|  |TAMS 0x000000008a600000, 0x000000008a600000| Untracked 
|  31|0x000000008a700000, 0x000000008a700000, 0x000000008a800000|  0%| F|  |TAMS 0x000000008a700000, 0x000000008a700000| Untracked 
|  32|0x000000008a800000, 0x000000008a800000, 0x000000008a900000|  0%| F|  |TAMS 0x000000008a800000, 0x000000008a800000| Untracked 
|  33|0x000000008a900000, 0x000000008a900000, 0x000000008aa00000|  0%| F|  |TAMS 0x000000008a900000, 0x000000008a900000| Untracked 
|  34|0x000000008aa00000, 0x000000008aa00000, 0x000000008ab00000|  0%| F|  |TAMS 0x000000008aa00000, 0x000000008aa00000| Untracked 
|  35|0x000000008ab00000, 0x000000008ab00000, 0x000000008ac00000|  0%| F|  |TAMS 0x000000008ab00000, 0x000000008ab00000| Untracked 
|  36|0x000000008ac00000, 0x000000008ac00000, 0x000000008ad00000|  0%| F|  |TAMS 0x000000008ac00000, 0x000000008ac00000| Untracked 
|  37|0x000000008ad00000, 0x000000008ad00000, 0x000000008ae00000|  0%| F|  |TAMS 0x000000008ad00000, 0x000000008ad00000| Untracked 
|  38|0x000000008ae00000, 0x000000008ae00000, 0x000000008af00000|  0%| F|  |TAMS 0x000000008ae00000, 0x000000008ae00000| Untracked 
|  39|0x000000008af00000, 0x000000008af00000, 0x000000008b000000|  0%| F|  |TAMS 0x000000008af00000, 0x000000008af00000| Untracked 
|  40|0x000000008b000000, 0x000000008b000000, 0x000000008b100000|  0%| F|  |TAMS 0x000000008b000000, 0x000000008b000000| Untracked 
|  41|0x000000008b100000, 0x000000008b100000, 0x000000008b200000|  0%| F|  |TAMS 0x000000008b100000, 0x000000008b100000| Untracked 
|  42|0x000000008b200000, 0x000000008b200000, 0x000000008b300000|  0%| F|  |TAMS 0x000000008b200000, 0x000000008b200000| Untracked 
|  43|0x000000008b300000, 0x000000008b300000, 0x000000008b400000|  0%| F|  |TAMS 0x000000008b300000, 0x000000008b300000| Untracked 
|  44|0x000000008b400000, 0x000000008b400000, 0x000000008b500000|  0%| F|  |TAMS 0x000000008b400000, 0x000000008b400000| Untracked 
|  45|0x000000008b500000, 0x000000008b500000, 0x000000008b600000|  0%| F|  |TAMS 0x000000008b500000, 0x000000008b500000| Untracked 
|  46|0x000000008b600000, 0x000000008b600000, 0x000000008b700000|  0%| F|  |TAMS 0x000000008b600000, 0x000000008b600000| Untracked 
|  47|0x000000008b700000, 0x000000008b700000, 0x000000008b800000|  0%| F|  |TAMS 0x000000008b700000, 0x000000008b700000| Untracked 
|  48|0x000000008b800000, 0x000000008b800000, 0x000000008b900000|  0%| F|  |TAMS 0x000000008b800000, 0x000000008b800000| Untracked 
|  49|0x000000008b900000, 0x000000008b900000, 0x000000008ba00000|  0%| F|  |TAMS 0x000000008b900000, 0x000000008b900000| Untracked 
|  50|0x000000008ba00000, 0x000000008ba00000, 0x000000008bb00000|  0%| F|  |TAMS 0x000000008ba00000, 0x000000008ba00000| Untracked 
|  51|0x000000008bb00000, 0x000000008bb00000, 0x000000008bc00000|  0%| F|  |TAMS 0x000000008bb00000, 0x000000008bb00000| Untracked 
|  52|0x000000008bc00000, 0x000000008bc00000, 0x000000008bd00000|  0%| F|  |TAMS 0x000000008bc00000, 0x000000008bc00000| Untracked 
|  53|0x000000008bd00000, 0x000000008bd00000, 0x000000008be00000|  0%| F|  |TAMS 0x000000008bd00000, 0x000000008bd00000| Untracked 
|  54|0x000000008be00000, 0x000000008be00000, 0x000000008bf00000|  0%| F|  |TAMS 0x000000008be00000, 0x000000008be00000| Untracked 
|  55|0x000000008bf00000, 0x000000008bf00000, 0x000000008c000000|  0%| F|  |TAMS 0x000000008bf00000, 0x000000008bf00000| Untracked 
|  56|0x000000008c000000, 0x000000008c000000, 0x000000008c100000|  0%| F|  |TAMS 0x000000008c000000, 0x000000008c000000| Untracked 
|  57|0x000000008c100000, 0x000000008c100000, 0x000000008c200000|  0%| F|  |TAMS 0x000000008c100000, 0x000000008c100000| Untracked 
|  58|0x000000008c200000, 0x000000008c200000, 0x000000008c300000|  0%| F|  |TAMS 0x000000008c200000, 0x000000008c200000| Untracked 
|  59|0x000000008c300000, 0x000000008c300000, 0x000000008c400000|  0%| F|  |TAMS 0x000000008c300000, 0x000000008c300000| Untracked 
|  60|0x000000008c400000, 0x000000008c400000, 0x000000008c500000|  0%| F|  |TAMS 0x000000008c400000, 0x000000008c400000| Untracked 
|  61|0x000000008c500000, 0x000000008c500000, 0x000000008c600000|  0%| F|  |TAMS 0x000000008c500000, 0x000000008c500000| Untracked 
|  62|0x000000008c600000, 0x000000008c600000, 0x000000008c700000|  0%| F|  |TAMS 0x000000008c600000, 0x000000008c600000| Untracked 
|  63|0x000000008c700000, 0x000000008c700000, 0x000000008c800000|  0%| F|  |TAMS 0x000000008c700000, 0x000000008c700000| Untracked 
|  64|0x000000008c800000, 0x000000008c800000, 0x000000008c900000|  0%| F|  |TAMS 0x000000008c800000, 0x000000008c800000| Untracked 
|  65|0x000000008c900000, 0x000000008c900000, 0x000000008ca00000|  0%| F|  |TAMS 0x000000008c900000, 0x000000008c900000| Untracked 
|  66|0x000000008ca00000, 0x000000008ca00000, 0x000000008cb00000|  0%| F|  |TAMS 0x000000008ca00000, 0x000000008ca00000| Untracked 
|  67|0x000000008cb00000, 0x000000008cb00000, 0x000000008cc00000|  0%| F|  |TAMS 0x000000008cb00000, 0x000000008cb00000| Untracked 
|  68|0x000000008cc00000, 0x000000008cc00000, 0x000000008cd00000|  0%| F|  |TAMS 0x000000008cc00000, 0x000000008cc00000| Untracked 
|  69|0x000000008cd00000, 0x000000008cd00000, 0x000000008ce00000|  0%| F|  |TAMS 0x000000008cd00000, 0x000000008cd00000| Untracked 
|  70|0x000000008ce00000, 0x000000008ce00000, 0x000000008cf00000|  0%| F|  |TAMS 0x000000008ce00000, 0x000000008ce00000| Untracked 
|  71|0x000000008cf00000, 0x000000008cf00000, 0x000000008d000000|  0%| F|  |TAMS 0x000000008cf00000, 0x000000008cf00000| Untracked 
|  72|0x000000008d000000, 0x000000008d000000, 0x000000008d100000|  0%| F|  |TAMS 0x000000008d000000, 0x000000008d000000| Untracked 
|  73|0x000000008d100000, 0x000000008d100000, 0x000000008d200000|  0%| F|  |TAMS 0x000000008d100000, 0x000000008d100000| Untracked 
|  74|0x000000008d200000, 0x000000008d200000, 0x000000008d300000|  0%| F|  |TAMS 0x000000008d200000, 0x000000008d200000| Untracked 
|  75|0x000000008d300000, 0x000000008d300000, 0x000000008d400000|  0%| F|  |TAMS 0x000000008d300000, 0x000000008d300000| Untracked 
|  76|0x000000008d400000, 0x000000008d400000, 0x000000008d500000|  0%| F|  |TAMS 0x000000008d400000, 0x000000008d400000| Untracked 
|  77|0x000000008d500000, 0x000000008d500000, 0x000000008d600000|  0%| F|  |TAMS 0x000000008d500000, 0x000000008d500000| Untracked 
|  78|0x000000008d600000, 0x000000008d600000, 0x000000008d700000|  0%| F|  |TAMS 0x000000008d600000, 0x000000008d600000| Untracked 
|  79|0x000000008d700000, 0x000000008d700000, 0x000000008d800000|  0%| F|  |TAMS 0x000000008d700000, 0x000000008d700000| Untracked 
|  80|0x000000008d800000, 0x000000008d800000, 0x000000008d900000|  0%| F|  |TAMS 0x000000008d800000, 0x000000008d800000| Untracked 
|  81|0x000000008d900000, 0x000000008d900000, 0x000000008da00000|  0%| F|  |TAMS 0x000000008d900000, 0x000000008d900000| Untracked 
|  82|0x000000008da00000, 0x000000008da00000, 0x000000008db00000|  0%| F|  |TAMS 0x000000008da00000, 0x000000008da00000| Untracked 
|  83|0x000000008db00000, 0x000000008db00000, 0x000000008dc00000|  0%| F|  |TAMS 0x000000008db00000, 0x000000008db00000| Untracked 
|  84|0x000000008dc00000, 0x000000008dc00000, 0x000000008dd00000|  0%| F|  |TAMS 0x000000008dc00000, 0x000000008dc00000| Untracked 
|  85|0x000000008dd00000, 0x000000008dd00000, 0x000000008de00000|  0%| F|  |TAMS 0x000000008dd00000, 0x000000008dd00000| Untracked 
|  86|0x000000008de00000, 0x000000008de00000, 0x000000008df00000|  0%| F|  |TAMS 0x000000008de00000, 0x000000008de00000| Untracked 
|  87|0x000000008df00000, 0x000000008df00000, 0x000000008e000000|  0%| F|  |TAMS 0x000000008df00000, 0x000000008df00000| Untracked 
|  88|0x000000008e000000, 0x000000008e000000, 0x000000008e100000|  0%| F|  |TAMS 0x000000008e000000, 0x000000008e000000| Untracked 
|  89|0x000000008e100000, 0x000000008e100000, 0x000000008e200000|  0%| F|  |TAMS 0x000000008e100000, 0x000000008e100000| Untracked 
|  90|0x000000008e200000, 0x000000008e200000, 0x000000008e300000|  0%| F|  |TAMS 0x000000008e200000, 0x000000008e200000| Untracked 
|  91|0x000000008e300000, 0x000000008e300000, 0x000000008e400000|  0%| F|  |TAMS 0x000000008e300000, 0x000000008e300000| Untracked 
|  92|0x000000008e400000, 0x000000008e400000, 0x000000008e500000|  0%| F|  |TAMS 0x000000008e400000, 0x000000008e400000| Untracked 
|  93|0x000000008e500000, 0x000000008e500000, 0x000000008e600000|  0%| F|  |TAMS 0x000000008e500000, 0x000000008e500000| Untracked 
|  94|0x000000008e600000, 0x000000008e600000, 0x000000008e700000|  0%| F|  |TAMS 0x000000008e600000, 0x000000008e600000| Untracked 
|  95|0x000000008e700000, 0x000000008e700000, 0x000000008e800000|  0%| F|  |TAMS 0x000000008e700000, 0x000000008e700000| Untracked 
|  96|0x000000008e800000, 0x000000008e800000, 0x000000008e900000|  0%| F|  |TAMS 0x000000008e800000, 0x000000008e800000| Untracked 
|  97|0x000000008e900000, 0x000000008e900000, 0x000000008ea00000|  0%| F|  |TAMS 0x000000008e900000, 0x000000008e900000| Untracked 
|  98|0x000000008ea00000, 0x000000008ea00000, 0x000000008eb00000|  0%| F|  |TAMS 0x000000008ea00000, 0x000000008ea00000| Untracked 
|  99|0x000000008eb00000, 0x000000008eb00000, 0x000000008ec00000|  0%| F|  |TAMS 0x000000008eb00000, 0x000000008eb00000| Untracked 
| 100|0x000000008ec00000, 0x000000008ec00000, 0x000000008ed00000|  0%| F|  |TAMS 0x000000008ec00000, 0x000000008ec00000| Untracked 
| 101|0x000000008ed00000, 0x000000008ed00000, 0x000000008ee00000|  0%| F|  |TAMS 0x000000008ed00000, 0x000000008ed00000| Untracked 
| 102|0x000000008ee00000, 0x000000008ee00000, 0x000000008ef00000|  0%| F|  |TAMS 0x000000008ee00000, 0x000000008ee00000| Untracked 
| 103|0x000000008ef00000, 0x000000008ef00000, 0x000000008f000000|  0%| F|  |TAMS 0x000000008ef00000, 0x000000008ef00000| Untracked 
| 104|0x000000008f000000, 0x000000008f000000, 0x000000008f100000|  0%| F|  |TAMS 0x000000008f000000, 0x000000008f000000| Untracked 
| 105|0x000000008f100000, 0x000000008f100000, 0x000000008f200000|  0%| F|  |TAMS 0x000000008f100000, 0x000000008f100000| Untracked 
| 106|0x000000008f200000, 0x000000008f200000, 0x000000008f300000|  0%| F|  |TAMS 0x000000008f200000, 0x000000008f200000| Untracked 
| 107|0x000000008f300000, 0x000000008f300000, 0x000000008f400000|  0%| F|  |TAMS 0x000000008f300000, 0x000000008f300000| Untracked 
| 108|0x000000008f400000, 0x000000008f400000, 0x000000008f500000|  0%| F|  |TAMS 0x000000008f400000, 0x000000008f400000| Untracked 
| 109|0x000000008f500000, 0x000000008f500000, 0x000000008f600000|  0%| F|  |TAMS 0x000000008f500000, 0x000000008f500000| Untracked 
| 110|0x000000008f600000, 0x000000008f600000, 0x000000008f700000|  0%| F|  |TAMS 0x000000008f600000, 0x000000008f600000| Untracked 
| 111|0x000000008f700000, 0x000000008f7fa200, 0x000000008f800000| 97%| S|CS|TAMS 0x000000008f700000, 0x000000008f700000| Complete 
| 112|0x000000008f800000, 0x000000008f800000, 0x000000008f900000|  0%| F|  |TAMS 0x000000008f800000, 0x000000008f800000| Untracked 
| 113|0x000000008f900000, 0x000000008f900000, 0x000000008fa00000|  0%| F|  |TAMS 0x000000008f900000, 0x000000008f900000| Untracked 
| 114|0x000000008fa00000, 0x000000008fa00000, 0x000000008fb00000|  0%| F|  |TAMS 0x000000008fa00000, 0x000000008fa00000| Untracked 
| 115|0x000000008fb00000, 0x000000008fb00000, 0x000000008fc00000|  0%| F|  |TAMS 0x000000008fb00000, 0x000000008fb00000| Untracked 
| 116|0x000000008fc00000, 0x000000008fc00000, 0x000000008fd00000|  0%| F|  |TAMS 0x000000008fc00000, 0x000000008fc00000| Untracked 
| 117|0x000000008fd00000, 0x000000008fd00000, 0x000000008fe00000|  0%| F|  |TAMS 0x000000008fd00000, 0x000000008fd00000| Untracked 
| 118|0x000000008fe00000, 0x000000008fe00000, 0x000000008ff00000|  0%| F|  |TAMS 0x000000008fe00000, 0x000000008fe00000| Untracked 
| 119|0x000000008ff00000, 0x000000008ff00000, 0x0000000090000000|  0%| F|  |TAMS 0x000000008ff00000, 0x000000008ff00000| Untracked 

Card table byte_map: [0x000002687e140000,0x000002687e500000] _byte_map_base: 0x000002687dcfc000

Marking Bits (Prev, Next): (CMBitMap*) 0x0000026866f4a030, (CMBitMap*) 0x0000026866f4a070
 Prev Bits: [0x0000026800000000, 0x0000026801de0000)
 Next Bits: [0x0000026801de0000, 0x0000026803bc0000)

Polling page: 0x0000026864d90000

Metaspace:

Usage:
  Non-class:      5.47 MB capacity,     5.40 MB ( 99%) used,    56.69 KB (  1%) free+waste,     8.56 KB ( <1%) overhead. 
      Class:    773.00 KB capacity,   737.98 KB ( 95%) used,    30.58 KB (  4%) free+waste,     4.44 KB ( <1%) overhead. 
       Both:      6.22 MB capacity,     6.12 MB ( 98%) used,    87.27 KB (  1%) free+waste,    13.00 KB ( <1%) overhead. 

Virtual space:
  Non-class space:       16.00 MB reserved,       5.50 MB ( 34%) committed 
      Class space:        1.00 GB reserved,     896.00 KB ( <1%) committed 
             Both:        1.02 GB reserved,       6.38 MB ( <1%) committed 

Chunk freelists:
   Non-Class:  35.00 KB
       Class:  27.00 KB
        Both:  62.00 KB

MaxMetaspaceSize: 17179869184.00 GB
CompressedClassSpaceSize: 1.00 GB

CodeHeap 'non-profiled nmethods': size=239488Kb used=1590Kb max_used=1590Kb free=237897Kb
 bounds [0x000002686f760000, 0x000002686f9d0000, 0x000002687e140000]
CodeHeap 'non-nmethods': size=6272Kb used=1178Kb max_used=1178Kb free=5094Kb
 bounds [0x000002686f140000, 0x000002686f3b0000, 0x000002686f760000]
 total_blobs=1588 nmethods=1145 adapters=372
 compilation: enabled
              stopped_count=0, restarted_count=0
 full_count=0

Compilation events (20 events):
Event: 2.662 Thread 0x000002687ec6a050 1135       1       java.net.URLStreamHandler::toExternalForm (156 bytes)
Event: 2.664 Thread 0x000002687ec6a050 nmethod 1135 0x000002686f8e8e90 code [0x000002686f8e9180, 0x000002686f8e9cd8]
Event: 2.664 Thread 0x000002687ec6a050 1136       1       sun.net.www.protocol.jar.Handler::checkNestedProtocol (18 bytes)
Event: 2.664 Thread 0x000002687ec6a050 nmethod 1136 0x000002686f8ea210 code [0x000002686f8ea3c0, 0x000002686f8ea4e8]
Event: 2.664 Thread 0x000002687ec6a050 1137   !   1       java.util.zip.ZipFile$ZipFileInflaterInputStream::close (67 bytes)
Event: 2.665 Thread 0x000002687ec6a050 nmethod 1137 0x000002686f8ea590 code [0x000002686f8ea760, 0x000002686f8eaa18]
Event: 2.665 Thread 0x000002687ec6a050 1138       1       java.util.zip.InflaterInputStream::close (34 bytes)
Event: 2.665 Thread 0x000002687ec6a050 nmethod 1138 0x000002686f8eac90 code [0x000002686f8eae40, 0x000002686f8eaf78]
Event: 2.666 Thread 0x000002687ec6a050 1139       1       java.util.HashMap::computeIfAbsent (330 bytes)
Event: 2.669 Thread 0x000002687ec6a050 nmethod 1139 0x000002686f8eb090 code [0x000002686f8eb320, 0x000002686f8ebc68]
Event: 2.670 Thread 0x000002687ec6a050 1140       1       jdk.internal.org.objectweb.asm.Frame::merge (317 bytes)
Event: 2.671 Thread 0x000002687ec6a050 nmethod 1140 0x000002686f8ec190 code [0x000002686f8ec360, 0x000002686f8ec768]
Event: 2.671 Thread 0x000002687ec6a050 1141       1       jdk.internal.org.objectweb.asm.MethodWriter::visitAbstractType (8 bytes)
Event: 2.671 Thread 0x000002687ec6a050 nmethod 1141 0x000002686f8ece10 code [0x000002686f8ecfa0, 0x000002686f8ed098]
Event: 2.677 Thread 0x000002687ec6a050 1143       1       jdk.internal.reflect.ConstructorAccessorImpl::<init> (5 bytes)
Event: 2.677 Thread 0x000002687ec6a050 nmethod 1143 0x000002686f8ed190 code [0x000002686f8ed320, 0x000002686f8ed3d8]
Event: 2.679 Thread 0x000002687ec6a050 1144       1       jdk.internal.reflect.DelegatingConstructorAccessorImpl::setDelegate (6 bytes)
Event: 2.679 Thread 0x000002687ec6a050 nmethod 1144 0x000002686f8ed490 code [0x000002686f8ed620, 0x000002686f8ed718]
Event: 2.681 Thread 0x000002687ec6a050 1145       1       jdk.internal.reflect.NativeConstructorAccessorImpl::setParent (6 bytes)
Event: 2.681 Thread 0x000002687ec6a050 nmethod 1145 0x000002686f8ed790 code [0x000002686f8ed920, 0x000002686f8eda18]

GC Heap History (6 events):
Event: 0.793 GC heap before
{Heap before GC invocations=0 (full 0):
 garbage-first heap   total 122880K, used 6144K [0x0000000088800000, 0x0000000100000000)
  region size 1024K, 6 young (6144K), 0 survivors (0K)
 Metaspace       used 772K, capacity 4510K, committed 4864K, reserved 1056768K
  class space    used 70K, capacity 390K, committed 512K, reserved 1048576K
}
Event: 0.822 GC heap after
{Heap after GC invocations=1 (full 0):
 garbage-first heap   total 122880K, used 5062K [0x0000000088800000, 0x0000000100000000)
  region size 1024K, 1 young (1024K), 1 survivors (1024K)
 Metaspace       used 772K, capacity 4510K, committed 4864K, reserved 1056768K
  class space    used 70K, capacity 390K, committed 512K, reserved 1048576K
}
Event: 1.833 GC heap before
{Heap before GC invocations=1 (full 0):
 garbage-first heap   total 122880K, used 10182K [0x0000000088800000, 0x0000000100000000)
  region size 1024K, 6 young (6144K), 1 survivors (1024K)
 Metaspace       used 4799K, capacity 5117K, committed 5248K, reserved 1056768K
  class space    used 559K, capacity 638K, committed 640K, reserved 1048576K
}
Event: 1.840 GC heap after
{Heap after GC invocations=2 (full 0):
 garbage-first heap   total 122880K, used 6144K [0x0000000088800000, 0x0000000100000000)
  region size 1024K, 1 young (1024K), 1 survivors (1024K)
 Metaspace       used 4799K, capacity 5117K, committed 5248K, reserved 1056768K
  class space    used 559K, capacity 638K, committed 640K, reserved 1048576K
}
Event: 2.698 GC heap before
{Heap before GC invocations=2 (full 0):
 garbage-first heap   total 122880K, used 11264K [0x0000000088800000, 0x0000000100000000)
  region size 1024K, 8 young (8192K), 1 survivors (1024K)
 Metaspace       used 6269K, capacity 6370K, committed 6528K, reserved 1062912K
  class space    used 737K, capacity 773K, committed 896K, reserved 1048576K
}
Event: 2.707 GC heap after
{Heap after GC invocations=3 (full 0):
 garbage-first heap   total 122880K, used 7144K [0x0000000088800000, 0x0000000100000000)
  region size 1024K, 1 young (1024K), 1 survivors (1024K)
 Metaspace       used 6269K, capacity 6370K, committed 6528K, reserved 1062912K
  class space    used 737K, capacity 773K, committed 896K, reserved 1048576K
}

Deoptimization events (0 events):
No events

Classes unloaded (0 events):
No events

Classes redefined (0 events):
No events

Internal exceptions (20 events):
Event: 0.772 Thread 0x0000026866f11570 Exception <a 'java/lang/NoSuchMethodError'{0x000000008faa1200}: 'void java.lang.invoke.DirectMethodHandle$Holder.invokeSpecial(java.lang.Object, java.lang.Object, java.lang.Object)'> (0x000000008faa1200) 
thrown [./open/src/hotspot/share/interpreter/linkResolver.cpp, line 782]
Event: 0.835 Thread 0x000002687f9656b0 Exception <a 'java/lang/NoSuchMethodError'{0x000000008ff21960}: 'java.lang.Object java.lang.invoke.DirectMethodHandle$Holder.invokeStatic(java.lang.Object)'> (0x000000008ff21960) 
thrown [./open/src/hotspot/share/interpreter/linkResolver.cpp, line 782]
Event: 0.836 Thread 0x000002687f9656b0 Exception <a 'java/lang/NoSuchMethodError'{0x000000008ff250b0}: 'java.lang.Object java.lang.invoke.DirectMethodHandle$Holder.invokeStaticInit(java.lang.Object)'> (0x000000008ff250b0) 
thrown [./open/src/hotspot/share/interpreter/linkResolver.cpp, line 782]
Event: 0.854 Thread 0x000002687f9656b0 Exception <a 'java/lang/NoSuchMethodError'{0x000000008ff31ee8}: 'void java.lang.invoke.DirectMethodHandle$Holder.invokeStatic(java.lang.Object, java.lang.Object)'> (0x000000008ff31ee8) 
thrown [./open/src/hotspot/share/interpreter/linkResolver.cpp, line 782]
Event: 0.970 Thread 0x0000026866f11570 Exception <a 'java/lang/NoSuchMethodError'{0x000000008ffb15a0}: 'java.lang.Object java.lang.invoke.DirectMethodHandle$Holder.invokeInterface(java.lang.Object, java.lang.Object)'> (0x000000008ffb15a0) 
thrown [./open/src/hotspot/share/interpreter/linkResolver.cpp, line 782]
Event: 0.989 Thread 0x0000026866f11570 Exception <a 'java/lang/NoSuchMethodError'{0x000000008ffb9c30}: 'java.lang.Object java.lang.invoke.DirectMethodHandle$Holder.invokeStaticInit(java.lang.Object, java.lang.Object, java.lang.Object)'> (0x000000008ffb9c30) 
thrown [./open/src/hotspot/share/interpreter/linkResolver.cpp, line 782]
Event: 0.998 Thread 0x0000026866f11570 Exception <a 'java/lang/NoSuchMethodError'{0x000000008ffd8390}: 'int java.lang.invoke.DirectMethodHandle$Holder.invokeInterface(java.lang.Object, java.lang.Object)'> (0x000000008ffd8390) 
thrown [./open/src/hotspot/share/interpreter/linkResolver.cpp, line 782]
Event: 0.999 Thread 0x0000026866f11570 Exception <a 'java/lang/IncompatibleClassChangeError'{0x000000008ffdbb88}: Found class java.lang.Object, but interface was expected> (0x000000008ffdbb88) 
thrown [./open/src/hotspot/share/interpreter/linkResolver.cpp, line 848]
Event: 1.172 Thread 0x0000026866f11570 Exception <a 'java/lang/NoSuchMethodError'{0x000000008fe9b678}: 'int java.lang.invoke.DirectMethodHandle$Holder.invokeSpecial(java.lang.Object, java.lang.Object, java.lang.Object)'> (0x000000008fe9b678) 
thrown [./open/src/hotspot/share/interpreter/linkResolver.cpp, line 782]
Event: 1.367 Thread 0x0000026866f11570 Exception <a 'java/lang/NoSuchMethodError'{0x000000008fd73bd0}: 'void java.lang.invoke.DirectMethodHandle$Holder.invokeStatic(java.lang.Object, java.lang.Object, java.lang.Object)'> (0x000000008fd73bd0) 
thrown [./open/src/hotspot/share/interpreter/linkResolver.cpp, line 782]
Event: 1.407 Thread 0x0000026866f11570 Exception <a 'java/lang/NoSuchMethodError'{0x000000008fdc06d0}: 'int java.lang.invoke.DirectMethodHandle$Holder.invokeSpecialIFC(java.lang.Object, java.lang.Object, java.lang.Object)'> (0x000000008fdc06d0) 
thrown [./open/src/hotspot/share/interpreter/linkResolver.cpp, line 782]
Event: 1.505 Thread 0x0000026866f11570 Exception <a 'java/lang/NoSuchMethodError'{0x000000008fc0b1d8}: 'void java.lang.invoke.DirectMethodHandle$Holder.invokeStaticInit(java.lang.Object, java.lang.Object)'> (0x000000008fc0b1d8) 
thrown [./open/src/hotspot/share/interpreter/linkResolver.cpp, line 782]
Event: 1.524 Thread 0x0000026866f11570 Exception <a 'java/lang/NoSuchMethodError'{0x000000008fc384e8}: 'java.lang.Object java.lang.invoke.DirectMethodHandle$Holder.invokeStaticInit(java.lang.Object, int, int, int, int)'> (0x000000008fc384e8) 
thrown [./open/src/hotspot/share/interpreter/linkResolver.cpp, line 782]
Event: 1.700 Thread 0x0000026866f11570 Exception <a 'java/lang/NoSuchMethodError'{0x000000008fcf7a28}: 'java.lang.Object java.lang.invoke.DirectMethodHandle$Holder.invokeStaticInit(java.lang.Object, java.lang.Object, int, int, int, int)'> (0x000000008fcf7a28) 
thrown [./open/src/hotspot/share/interpreter/linkResolver.cpp, line 782]
Event: 1.741 Thread 0x0000026866f11570 Exception <a 'java/lang/ClassNotFoundException'{0x000000008fb17128}: javax/management/remote/rmi/RMIServerImpl_Skel> (0x000000008fb17128) 
thrown [./open/src/hotspot/share/classfile/systemDictionary.cpp, line 295]
Event: 1.904 Thread 0x0000026866f11570 Exception <a 'java/lang/ClassNotFoundException'{0x000000008ffd3720}: javax/smartcardio/CardPermission> (0x000000008ffd3720) 
thrown [./open/src/hotspot/share/classfile/systemDictionary.cpp, line 295]
Event: 1.910 Thread 0x0000026866f11570 Exception <a 'java/io/FileNotFoundException'{0x000000008ffe16c8}> (0x000000008ffe16c8) 
thrown [./open/src/hotspot/share/prims/jni.cpp, line 578]
Event: 2.402 Thread 0x0000026866f11570 Exception <a 'java/lang/NoSuchMethodError'{0x000000008fbd2238}: 'java.lang.Object java.lang.invoke.DirectMethodHandle$Holder.invokeSpecialIFC(java.lang.Object, java.lang.Object, java.lang.Object, java.lang.Object)'> (0x000000008fbd2238) 
thrown [./open/src/hotspot/share/interpreter/linkResolver.cpp, line 782]
Event: 2.432 Thread 0x0000026866f11570 Exception <a 'java/lang/NoSuchMethodError'{0x000000008f919d40}: 'int java.lang.invoke.DirectMethodHandle$Holder.invokeVirtual(java.lang.Object, java.lang.Object, java.lang.Object)'> (0x000000008f919d40) 
thrown [./open/src/hotspot/share/interpreter/linkResolver.cpp, line 782]
Event: 2.606 Thread 0x0000026866f11570 Exception <a 'java/lang/NoSuchMethodError'{0x000000008f979490}: 'int java.lang.invoke.DirectMethodHandle$Holder.invokeStaticInit(java.lang.Object, java.lang.Object)'> (0x000000008f979490) 
thrown [./open/src/hotspot/share/interpreter/linkResolver.cpp, line 782]

Events (20 events):
Event: 2.326 loading class sun/net/www/protocol/jar/URLJarFile$URLJarFileCloseController done
Event: 2.326 loading class sun/net/www/protocol/jar/JarFileFactory done
Event: 2.327 loading class sun/net/www/protocol/jar/URLJarFile
Event: 2.328 loading class sun/net/www/protocol/jar/URLJarFile done
Event: 2.357 Executing VM operation: HandshakeAllThreads
Event: 2.357 Executing VM operation: HandshakeAllThreads done
Event: 2.358 loading class sun/net/www/protocol/jar/URLJarFile$URLJarFileEntry
Event: 2.358 loading class sun/net/www/protocol/jar/URLJarFile$URLJarFileEntry done
Event: 2.358 loading class sun/net/www/protocol/jar/JarURLConnection$JarURLInputStream
Event: 2.359 loading class sun/net/www/protocol/jar/JarURLConnection$JarURLInputStream done
Event: 2.423 loading class java/lang/invoke/DirectMethodHandle$Special
Event: 2.423 loading class java/lang/invoke/DirectMethodHandle$Special done
Event: 2.599 loading class java/lang/Byte$ByteCache
Event: 2.599 loading class java/lang/Byte$ByteCache done
Event: 2.601 loading class java/lang/Short$ShortCache
Event: 2.602 loading class java/lang/Short$ShortCache done
Event: 2.656 Loaded shared library C:\Users\HP\.jdks\openjdk-15.0.2\bin\zip.dll
Event: 2.664 loading class java/lang/FunctionalInterface
Event: 2.665 loading class java/lang/FunctionalInterface done
Event: 2.698 Executing VM operation: CollectForMetadataAllocation


Dynamic libraries:
0x00007ff6709d0000 - 0x00007ff6709dd000 	C:\Users\HP\.jdks\openjdk-15.0.2\bin\java.exe
0x00007ffe41410000 - 0x00007ffe41605000 	C:\WINDOWS\SYSTEM32\ntdll.dll
0x00007ffe41310000 - 0x00007ffe413cd000 	C:\WINDOWS\System32\KERNEL32.DLL
0x00007ffe3eb50000 - 0x00007ffe3ee18000 	C:\WINDOWS\System32\KERNELBASE.dll
0x00007ffe3eeb0000 - 0x00007ffe3efb0000 	C:\WINDOWS\System32\ucrtbase.dll
0x00007ffe36d60000 - 0x00007ffe36d78000 	C:\Users\HP\.jdks\openjdk-15.0.2\bin\jli.dll
0x00007ffe404a0000 - 0x00007ffe40640000 	C:\WINDOWS\System32\USER32.dll
0x00007ffe3f050000 - 0x00007ffe3f072000 	C:\WINDOWS\System32\win32u.dll
0x00007ffe40fe0000 - 0x00007ffe4100a000 	C:\WINDOWS\System32\GDI32.dll
0x00007ffe3f130000 - 0x00007ffe3f23b000 	C:\WINDOWS\System32\gdi32full.dll
0x00007ffe3efb0000 - 0x00007ffe3f04d000 	C:\WINDOWS\System32\msvcp_win.dll
0x00007ffe36d40000 - 0x00007ffe36d59000 	C:\Users\HP\.jdks\openjdk-15.0.2\bin\VCRUNTIME140.dll
0x00007ffe2b080000 - 0x00007ffe2b31a000 	C:\WINDOWS\WinSxS\amd64_microsoft.windows.common-controls_6595b64144ccf1df_6.0.19041.1052_none_60b8f8fd71f5e8cb\COMCTL32.dll
0x00007ffe40640000 - 0x00007ffe406de000 	C:\WINDOWS\System32\msvcrt.dll
0x00007ffe40790000 - 0x00007ffe407c0000 	C:\WINDOWS\System32\IMM32.DLL
0x00007ffe3aad0000 - 0x00007ffe3aadc000 	C:\Users\HP\.jdks\openjdk-15.0.2\bin\vcruntime140_1.dll
0x00007ffe25670000 - 0x00007ffe25701000 	C:\Users\HP\.jdks\openjdk-15.0.2\bin\msvcp140.dll
0x00007ffdf2160000 - 0x00007ffdf2cbe000 	C:\Users\HP\.jdks\openjdk-15.0.2\bin\server\jvm.dll
0x00007ffe41090000 - 0x00007ffe4113c000 	C:\WINDOWS\System32\ADVAPI32.dll
0x00007ffe406f0000 - 0x00007ffe4078b000 	C:\WINDOWS\System32\sechost.dll
0x00007ffe3f480000 - 0x00007ffe3f5ab000 	C:\WINDOWS\System32\RPCRT4.dll
0x00007ffe40fd0000 - 0x00007ffe40fd8000 	C:\WINDOWS\System32\PSAPI.DLL
0x00007ffe37360000 - 0x00007ffe37369000 	C:\WINDOWS\SYSTEM32\WSOCK32.dll
0x00007ffe35080000 - 0x00007ffe350a7000 	C:\WINDOWS\SYSTEM32\WINMM.dll
0x00007ffe41020000 - 0x00007ffe4108b000 	C:\WINDOWS\System32\WS2_32.dll
0x00007ffe350b0000 - 0x00007ffe350ba000 	C:\WINDOWS\SYSTEM32\VERSION.dll
0x00007ffe3ca80000 - 0x00007ffe3ca92000 	C:\WINDOWS\SYSTEM32\kernel.appcore.dll
0x00007ffe36e20000 - 0x00007ffe36e2a000 	C:\Users\HP\.jdks\openjdk-15.0.2\bin\jimage.dll
0x00007ffe31d50000 - 0x00007ffe31f34000 	C:\WINDOWS\SYSTEM32\DBGHELP.DLL
0x00007ffe3a6a0000 - 0x00007ffe3a6cc000 	C:\WINDOWS\SYSTEM32\dbgcore.DLL
0x00007ffe3ee20000 - 0x00007ffe3eea3000 	C:\WINDOWS\System32\bcryptPrimitives.dll
0x00007ffe36cc0000 - 0x00007ffe36cce000 	C:\Users\HP\.jdks\openjdk-15.0.2\bin\instrument.dll
0x00007ffe36420000 - 0x00007ffe36445000 	C:\Users\HP\.jdks\openjdk-15.0.2\bin\java.dll
0x00007ffe3f630000 - 0x00007ffe3fd6f000 	C:\WINDOWS\System32\SHELL32.dll
0x00007ffe3cc80000 - 0x00007ffe3d410000 	C:\WINDOWS\SYSTEM32\windows.storage.dll
0x00007ffe3fe50000 - 0x00007ffe401a5000 	C:\WINDOWS\System32\combase.dll
0x00007ffe3e4f0000 - 0x00007ffe3e51c000 	C:\WINDOWS\SYSTEM32\Wldp.dll
0x00007ffe409e0000 - 0x00007ffe40a8e000 	C:\WINDOWS\System32\SHCORE.dll
0x00007ffe401b0000 - 0x00007ffe40205000 	C:\WINDOWS\System32\shlwapi.dll
0x00007ffe3ea90000 - 0x00007ffe3eaaf000 	C:\WINDOWS\SYSTEM32\profapi.dll
0x00007ffe36ca0000 - 0x00007ffe36cb8000 	C:\Users\HP\.jdks\openjdk-15.0.2\bin\zip.dll
0x00007ffe36400000 - 0x00007ffe36419000 	C:\Users\HP\.jdks\openjdk-15.0.2\bin\net.dll
0x00007ffe31990000 - 0x00007ffe31a9b000 	C:\WINDOWS\SYSTEM32\WINHTTP.dll
0x00007ffe3e260000 - 0x00007ffe3e2ca000 	C:\WINDOWS\system32\mswsock.dll
0x00007ffe36330000 - 0x00007ffe36342000 	C:\Users\HP\.jdks\openjdk-15.0.2\bin\nio.dll
0x00007ffe31560000 - 0x00007ffe3157a000 	C:\Program Files\JetBrains\IntelliJ IDEA 2020.2.2\bin\breakgen64.dll
0x00007ffe3df90000 - 0x00007ffe3e05c000 	C:\WINDOWS\SYSTEM32\DNSAPI.dll
0x00007ffe3df50000 - 0x00007ffe3df8b000 	C:\WINDOWS\SYSTEM32\IPHLPAPI.DLL
0x00007ffe41010000 - 0x00007ffe41018000 	C:\WINDOWS\System32\NSI.dll
0x000000005ba00000 - 0x000000005ba26000 	C:\Program Files\Bonjour\mdnsNSP.dll
0x00007ffe352a0000 - 0x00007ffe352aa000 	C:\Windows\System32\rasadhlp.dll
0x00007ffe31120000 - 0x00007ffe3119f000 	C:\WINDOWS\System32\fwpuclnt.dll
0x00007ffe3f450000 - 0x00007ffe3f477000 	C:\WINDOWS\System32\bcrypt.dll
0x00007ffe36300000 - 0x00007ffe36309000 	C:\Users\HP\.jdks\openjdk-15.0.2\bin\management.dll
0x00007ffe361c0000 - 0x00007ffe361cb000 	C:\Users\HP\.jdks\openjdk-15.0.2\bin\management_ext.dll
0x00007ffe3e430000 - 0x00007ffe3e448000 	C:\WINDOWS\SYSTEM32\CRYPTSP.dll
0x00007ffe3dc00000 - 0x00007ffe3dc34000 	C:\WINDOWS\system32\rsaenh.dll
0x00007ffe3ea10000 - 0x00007ffe3ea3e000 	C:\WINDOWS\SYSTEM32\USERENV.dll
0x00007ffe3e450000 - 0x00007ffe3e45c000 	C:\WINDOWS\SYSTEM32\CRYPTBASE.dll
0x00007ffe32b60000 - 0x00007ffe32b77000 	C:\WINDOWS\SYSTEM32\dhcpcsvc6.DLL
0x00007ffe32b40000 - 0x00007ffe32b5d000 	C:\WINDOWS\SYSTEM32\dhcpcsvc.DLL
0x00007ffe2ddf0000 - 0x00007ffe2de07000 	C:\WINDOWS\system32\napinsp.dll
0x00007ffe2ddd0000 - 0x00007ffe2ddeb000 	C:\WINDOWS\system32\pnrpnsp.dll
0x00007ffe37f40000 - 0x00007ffe37f55000 	C:\WINDOWS\system32\wshbth.dll
0x00007ffe39a50000 - 0x00007ffe39a6d000 	C:\WINDOWS\system32\NLAapi.dll
0x00007ffe2ba80000 - 0x00007ffe2ba92000 	C:\WINDOWS\System32\winrnr.dll

dbghelp: loaded successfully - version: 4.0.5 - missing functions: none
symbol engine: initialized successfully - sym options: 0x614 - pdb path: .;C:\Users\HP\.jdks\openjdk-15.0.2\bin;C:\WINDOWS\SYSTEM32;C:\WINDOWS\WinSxS\amd64_microsoft.windows.common-controls_6595b64144ccf1df_6.0.19041.1052_none_60b8f8fd71f5e8cb;C:\Users\HP\.jdks\openjdk-15.0.2\bin\server;C:\Program Files\JetBrains\IntelliJ IDEA 2020.2.2\bin;C:\Program Files\Bonjour

VM Arguments:
jvm_args: -XX:TieredStopAtLevel=1 -Xverify:none -Dspring.output.ansi.enabled=always -javaagent:C:\Program Files\JetBrains\IntelliJ IDEA 2020.2.2\lib\idea_rt.jar=10926:C:\Program Files\JetBrains\IntelliJ IDEA 2020.2.2\bin -Dcom.sun.management.jmxremote -Dspring.jmx.enabled=true -Dspring.liveBeansView.mbeanDomain -Dspring.application.admin.enabled=true -Dfile.encoding=UTF-8 
java_command: uor.fot.canteen.CanteenApplication
java_class_path (initial): C:\Users\HP\Documents\SpringBootProjects\Canteen-Management-System\canteen\target\classes;C:\Users\HP\.m2\repository\org\springframework\boot\spring-boot-starter-data-jpa\2.5.2\spring-boot-starter-data-jpa-2.5.2.jar;C:\Users\HP\.m2\repository\org\springframework\boot\spring-boot-starter-aop\2.5.2\spring-boot-starter-aop-2.5.2.jar;C:\Users\HP\.m2\repository\org\springframework\spring-aop\5.3.8\spring-aop-5.3.8.jar;C:\Users\HP\.m2\repository\org\aspectj\aspectjweaver\1.9.6\aspectjweaver-1.9.6.jar;C:\Users\HP\.m2\repository\org\springframework\boot\spring-boot-starter-jdbc\2.5.2\spring-boot-starter-jdbc-2.5.2.jar;C:\Users\HP\.m2\repository\com\zaxxer\HikariCP\4.0.3\HikariCP-4.0.3.jar;C:\Users\HP\.m2\repository\org\springframework\spring-jdbc\5.3.8\spring-jdbc-5.3.8.jar;C:\Users\HP\.m2\repository\jakarta\transaction\jakarta.transaction-api\1.3.3\jakarta.transaction-api-1.3.3.jar;C:\Users\HP\.m2\repository\jakarta\persistence\jakarta.persistence-api\2.2.3\jakarta.persistence-api-2.2.3.jar;C:\Users\HP\.m2\repository\org\hibernate\hibernate-core\5.4.32.Final\hibernate-core-5.4.32.Final.jar;C:\Users\HP\.m2\repository\org\jboss\logging\jboss-logging\3.4.2.Final\jboss-logging-3.4.2.Final.jar;C:\Users\HP\.m2\repository\org\javassist\javassist\3.27.0-GA\javassist-3.27.0-GA.jar;C:\Users\HP\.m2\repository\net\bytebuddy\byte-buddy\1.10.22\byte-buddy-1.10.22.jar;C:\Users\HP\.m2\repository\antlr\antlr\2.7.7\antlr-2.7.7.jar;C:\Users\HP\.m2\repository\org\jboss\jandex\2.2.3.Final\jandex-2.2.3.Final.jar;C:\Users\HP\.m2\repository\com\fasterxml\classmate\1.5.1\classmate-1.5.1.jar;C:\Users\HP\.m2\repository\org\dom4j\dom4j\2.1.3\dom4j-2.1.3.jar;C:\Users\HP\.m2\repository\org\hibernate\common\hibernate-commons-annotations\5.1.2.Final\hibernate-commons-annotations-5.1.2.Final.jar;C:\Users\HP\.m2\repository\org\glassfish\jaxb\jaxb-runtime\2.3.4\jaxb-runtime-2.3.4.jar;C:\Users\HP\.m2\repository\org\glassfish\jaxb\txw2\2.3.4\txw2-2.3.4.jar;C:\Users\HP\.m2\reposito
Launcher Type: SUN_STANDARD

[Global flags]
     intx CICompilerCount                          = 2                                         {product} {ergonomic}
     uint ConcGCThreads                            = 1                                         {product} {ergonomic}
     uint G1ConcRefinementThreads                  = 2                                         {product} {ergonomic}
   size_t G1HeapRegionSize                         = 1048576                                   {product} {ergonomic}
    uintx GCDrainStackTargetSize                   = 64                                        {product} {ergonomic}
   size_t InitialHeapSize                          = 125829120                                 {product} {ergonomic}
     bool ManagementServer                         = true                                      {product} {command line}
   size_t MarkStackSize                            = 4194304                                   {product} {ergonomic}
   size_t MaxHeapSize                              = 2004877312                                {product} {ergonomic}
   size_t MaxNewSize                               = 1202716672                                {product} {ergonomic}
   size_t MinHeapDeltaBytes                        = 1048576                                   {product} {ergonomic}
   size_t MinHeapSize                              = 8388608                                   {product} {ergonomic}
    uintx NonNMethodCodeHeapSize                   = 6396312                                {pd product} {ergonomic}
    uintx NonProfiledCodeHeapSize                  = 245261928                              {pd product} {ergonomic}
    uintx ProfiledCodeHeapSize                     = 0                                      {pd product} {ergonomic}
    uintx ReservedCodeCacheSize                    = 251658240                              {pd product} {ergonomic}
     bool SegmentedCodeCache                       = true                                      {product} {ergonomic}
   size_t SoftMaxHeapSize                          = 2004877312                             {manageable} {ergonomic}
     intx TieredStopAtLevel                        = 1                                         {product} {command line}
     bool UseCompressedClassPointers               = true                                 {lp64_product} {ergonomic}
     bool UseCompressedOops                        = true                                 {lp64_product} {ergonomic}
     bool UseG1GC                                  = true                                      {product} {ergonomic}
     bool UseLargePagesIndividualAllocation        = false                                  {pd product} {ergonomic}

Logging:
Log output configuration:
 #0: stdout all=warning uptime,level,tags
 #1: stderr all=off uptime,level,tags

Environment Variables:
PATH=C:\Program Files\AdoptOpenJDK\jdk-11.0.10.9-hotspot\bin;C:\Program Files (x86)\Common Files\Oracle\Java\javapath;C:\WINDOWS\system32;C:\WINDOWS;C:\WINDOWS\System32\Wbem;C:\WINDOWS\System32\WindowsPowerShell\v1.0\;C:\WINDOWS\System32\OpenSSH\;C:\wamp\bin\mysql\mysql5.6.17\bin;C:\TDM-GCC-64\bin;C:\Program Files\Java\jdk1.8.0_202\bin;C:\Program Files\Java\jre1.8.0_231\bin;C:\Program Files\Git\cmd;C:\Program Files\MySQL\MySQL Shell 8.0\bin\;C:\Users\HP\AppData\Local\Microsoft\WindowsApps;C:\Users\HP\AppData\Local\Microsoft\WindowsApps;C:\Program Files\JetBrains\PhpStorm 2020.2.2\bin;;C:\Users\HP\AppData\Local\GitHubDesktop\bin;C:\wamp64\bin\mysql\mysql5.7.31\bin;;C:\Users\HP\AppData\Local\Programs\Microsoft VS Code\bin;C:\Program Files\JetBrains\CLion 2020.3.3\bin;
USERNAME=HP
OS=Windows_NT
PROCESSOR_IDENTIFIER=AMD64 Family 21 Model 112 Stepping 0, AuthenticAMD



---------------  S Y S T E M  ---------------

OS:
 Windows 10 , 64 bit Build 19041 (10.0.19041.1023)
OS uptime: 1 days 1:28 hours

CPU: total 2 (initial active 2) (2 cores per cpu, 1 threads per core) family 21 model 112 stepping 0 microcode 0x0, cmov, cx8, fxsr, mmx, sse, sse2, sse3, ssse3, sse4.1, sse4.2, popcnt, vzeroupper, avx, avx2, aes, clmul, 3dnowpref, lzcnt, sse4a, tsc, tscinvbit, tscinv, bmi1, bmi2, fma, clflush

Memory: 4k page, system-wide physical 7645M (2329M free)
TotalPageFile size 9466M (AvailPageFile size 0M)
current process WorkingSet (physical memory assigned to process): 60M, peak: 60M
current process commit charge ("private bytes"): 200M, peak: 201M

vm_info: OpenJDK 64-Bit Server VM (15.0.2+7-27) for windows-amd64 JRE (15.0.2+7-27), built on Dec  7 2020 20:02:38 by "mach5one" with unknown MS VC++:1925

END.
