#
# There is insufficient memory for the Java Runtime Environment to continue.
# Native memory allocation (malloc) failed to allocate 1048576 bytes for AllocateHeap
# Possible reasons:
#   The system is out of physical RAM or swap space
#   The process is running with CompressedOops enabled, and the Java Heap may be blocking the growth of the native heap
# Possible solutions:
#   Reduce memory load on the system
#   Increase physical memory or swap space
#   Check if swap backing store is full
#   Decrease Java heap size (-Xmx/-Xms)
#   Decrease number of Java threads
#   Decrease Java thread stack sizes (-Xss)
#   Set larger code cache with -XX:ReservedCodeCacheSize=
#   JVM is running with Unscaled Compressed Oops mode in which the Java heap is
#     placed in the first 4GB address space. The Java Heap base address is the
#     maximum limit for the native heap growth. Please use -XX:HeapBaseMinAddress
#     to set the Java Heap base and to place the Java Heap above 4GB virtual address.
# This output file may be truncated or incomplete.
#
#  Out of Memory Error (./open/src/hotspot/share/memory/allocation.cpp:44), pid=11556, tid=10396
#
# JRE version: OpenJDK Runtime Environment (15.0.2+7) (build 15.0.2+7-27)
# Java VM: OpenJDK 64-Bit Server VM (15.0.2+7-27, mixed mode, sharing, tiered, compressed oops, g1 gc, windows-amd64)
# No core dump will be written. Minidumps are not enabled by default on client versions of Windows
#

---------------  S U M M A R Y ------------

Command Line: -XX:TieredStopAtLevel=1 -Xverify:none -Dspring.output.ansi.enabled=always -javaagent:C:\Program Files\JetBrains\IntelliJ IDEA 2020.2.2\lib\idea_rt.jar=5280:C:\Program Files\JetBrains\IntelliJ IDEA 2020.2.2\bin -Dcom.sun.management.jmxremote -Dspring.jmx.enabled=true -Dspring.liveBeansView.mbeanDomain -Dspring.application.admin.enabled=true -Dfile.encoding=UTF-8 uor.fot.canteen.CanteenApplication

Host: AMD A9-9420 RADEON R5, 5 COMPUTE CORES 2C+3G   , 2 cores, 7G,  Windows 10 , 64 bit Build 19041 (10.0.19041.1023)
Time: Mon Jul  5 05:53:26 2021 Sri Lanka Standard Time elapsed time: 60.844046 seconds (0d 0h 1m 0s)

---------------  T H R E A D  ---------------

Current thread (0x000001e1b34d8aa0):  VMThread "VM Thread" [stack: 0x000000330ca00000,0x000000330cb00000] [id=10396]

Stack: [0x000000330ca00000,0x000000330cb00000]
[error occurred during error reporting (printing stack bounds), id 0xc0000005, EXCEPTION_ACCESS_VIOLATION (0xc0000005) at pc=0x000001e19de110ad]

Native frames: (J=compiled Java code, j=interpreted, Vv=VM code, C=native code)
V  [jvm.dll+0x62ae9a]
V  [jvm.dll+0x7817a9]
V  [jvm.dll+0x782f03]
V  [jvm.dll+0x7834c5]
V  [jvm.dll+0x78347b]
V  [jvm.dll+0x62a2b9]
V  [jvm.dll+0x62aa88]
C  [ntdll.dll+0xa217f]
C  [ntdll.dll+0x51454]
C  [ntdll.dll+0xa0cae]
C  0x000001e19de110ad

VM_Operation (0x000000330e2fb2b0): CollectForMetadataAllocation, mode: safepoint, requested by thread 0x000001e1b62bf010


---------------  P R O C E S S  ---------------

Threads class SMR info:
_java_thread_list=0x000001e1b62e6f60, length=29, elements={
0x000001e195cad720, 0x000001e1b34dafc0, 0x000001e1b34f4790, 0x000001e1b34f6060,
0x000001e1b34f8930, 0x000001e1b34fa2b0, 0x000001e1b352cad0, 0x000001e195c96220,
0x000001e1b422dbf0, 0x000001e1b422e0c0, 0x000001e1b47f9710, 0x000001e1b591c010,
0x000001e1b591c4e0, 0x000001e1b4932f90, 0x000001e1b49338e0, 0x000001e1b5c696d0,
0x000001e1b5f0a020, 0x000001e1b5f0a4f0, 0x000001e1b62bf010, 0x000001e1b3542430,
0x000001e1b35415c0, 0x000001e1b35432a0, 0x000001e1b3542dd0, 0x000001e1b3543c40,
0x000001e1b35410f0, 0x000001e1b3541a90, 0x000001e1b3544ab0, 0x000001e1b3541f60,
0x000001e1b3542900
}

Java Threads: ( => current thread )
  0x000001e195cad720 JavaThread "Reference Handler" daemon [_thread_blocked, id=9208, stack(0x000000330cb00000,0x000000330cc00000)]
  0x000001e1b34dafc0 JavaThread "Finalizer" daemon [_thread_blocked, id=12084, stack(0x000000330cc00000,0x000000330cd00000)]
  0x000001e1b34f4790 JavaThread "Signal Dispatcher" daemon [_thread_blocked, id=9780, stack(0x000000330cd00000,0x000000330ce00000)]
  0x000001e1b34f6060 JavaThread "Attach Listener" daemon [_thread_blocked, id=2348, stack(0x000000330ce00000,0x000000330cf00000)]
  0x000001e1b34f8930 JavaThread "Service Thread" daemon [_thread_blocked, id=5560, stack(0x000000330cf00000,0x000000330d000000)]
  0x000001e1b34fa2b0 JavaThread "C1 CompilerThread0" daemon [_thread_blocked, id=12188, stack(0x000000330d000000,0x000000330d100000)]
  0x000001e1b352cad0 JavaThread "Sweeper thread" daemon [_thread_blocked, id=11412, stack(0x000000330d100000,0x000000330d200000)]
  0x000001e195c96220 JavaThread "Common-Cleaner" daemon [_thread_blocked, id=7428, stack(0x000000330d200000,0x000000330d300000)]
  0x000001e1b422dbf0 JavaThread "Monitor Ctrl-Break" daemon [_thread_in_native, id=4104, stack(0x000000330d300000,0x000000330d400000)]
  0x000001e1b422e0c0 JavaThread "Notification Thread" daemon [_thread_blocked, id=32, stack(0x000000330d500000,0x000000330d600000)]
  0x000001e1b47f9710 JavaThread "RMI TCP Accept-0" daemon [_thread_in_native, id=10188, stack(0x000000330d600000,0x000000330d700000)]
  0x000001e1b591c010 JavaThread "Catalina-utility-1" [_thread_blocked, id=10764, stack(0x000000330d900000,0x000000330da00000)]
  0x000001e1b591c4e0 JavaThread "Catalina-utility-2" [_thread_blocked, id=9452, stack(0x000000330da00000,0x000000330db00000)]
  0x000001e1b4932f90 JavaThread "container-0" [_thread_blocked, id=11364, stack(0x000000330db00000,0x000000330dc00000)]
  0x000001e1b49338e0 JavaThread "mysql-cj-abandoned-connection-cleanup" daemon [_thread_blocked, id=7028, stack(0x000000330dc00000,0x000000330dd00000)]
  0x000001e1b5c696d0 JavaThread "HikariPool-1 housekeeper" daemon [_thread_blocked, id=10248, stack(0x000000330de00000,0x000000330df00000)]
  0x000001e1b5f0a020 JavaThread "http-nio-8090-exec-1" daemon [_thread_blocked, id=2340, stack(0x000000330e000000,0x000000330e100000)]
  0x000001e1b5f0a4f0 JavaThread "http-nio-8090-exec-2" daemon [_thread_blocked, id=10004, stack(0x000000330e100000,0x000000330e200000)]
  0x000001e1b62bf010 JavaThread "http-nio-8090-exec-3" daemon [_thread_blocked, id=9604, stack(0x000000330e200000,0x000000330e300000)]
  0x000001e1b3542430 JavaThread "http-nio-8090-exec-4" daemon [_thread_blocked, id=5816, stack(0x000000330e300000,0x000000330e400000)]
  0x000001e1b35415c0 JavaThread "http-nio-8090-exec-5" daemon [_thread_blocked, id=11868, stack(0x000000330e400000,0x000000330e500000)]
  0x000001e1b35432a0 JavaThread "http-nio-8090-exec-6" daemon [_thread_blocked, id=7776, stack(0x000000330e500000,0x000000330e600000)]
  0x000001e1b3542dd0 JavaThread "http-nio-8090-exec-7" daemon [_thread_blocked, id=4672, stack(0x000000330e600000,0x000000330e700000)]
  0x000001e1b3543c40 JavaThread "http-nio-8090-exec-8" daemon [_thread_blocked, id=1352, stack(0x000000330e700000,0x000000330e800000)]
  0x000001e1b35410f0 JavaThread "http-nio-8090-exec-9" daemon [_thread_blocked, id=8912, stack(0x000000330e800000,0x000000330e900000)]
  0x000001e1b3541a90 JavaThread "http-nio-8090-exec-10" daemon [_thread_blocked, id=3540, stack(0x000000330e900000,0x000000330ea00000)]
  0x000001e1b3544ab0 JavaThread "http-nio-8090-Poller" daemon [_thread_in_native, id=2496, stack(0x000000330ea00000,0x000000330eb00000)]
  0x000001e1b3541f60 JavaThread "http-nio-8090-Acceptor" daemon [_thread_in_native, id=6492, stack(0x000000330eb00000,0x000000330ec00000)]
  0x000001e1b3542900 JavaThread "DestroyJavaVM" [_thread_blocked, id=7104, stack(0x000000330c300000,0x000000330c400000)]

Other Threads:
=>0x000001e1b34d8aa0 VMThread "VM Thread" [stack: 0x000000330ca00000,0x000000330cb00000] [id=10396]
  0x000001e195be38f0 WatcherThread [stack: 0x000000330d700000,0x000000330d800000] [id=1424]
  0x000001e195c19c20 GCTaskThread "GC Thread#0" [stack: 0x000000330c500000,0x000000330c600000] [id=8020]
  0x000001e1b3f04580 GCTaskThread "GC Thread#1" [stack: 0x000000330d400000,0x000000330d500000] [id=5532]
  0x000001e195c29a80 ConcurrentGCThread "G1 Main Marker" [stack: 0x000000330c600000,0x000000330c700000] [id=4920]
  0x000001e195c2a670 ConcurrentGCThread "G1 Conc#0" [stack: 0x000000330c700000,0x000000330c800000] [id=5224]
  0x000001e195c86330 ConcurrentGCThread "G1 Refine#0" [stack: 0x000000330c800000,0x000000330c900000] [id=1232]
  0x000001e1b5886430 ConcurrentGCThread "G1 Refine#1" [stack: 0x000000330d800000,0x000000330d900000] [id=3000]
  0x000001e195c86f30 ConcurrentGCThread "G1 Young RemSet Sampling" [stack: 0x000000330c900000,0x000000330ca00000] [id=12104]

Threads with active compile tasks:

VM state: at safepoint (normal execution)

VM Mutex/Monitor currently owned by a thread:  ([mutex/lock_event])
[0x000001e195bde4d0] Threads_lock - owner thread: 0x000001e1b34d8aa0
[0x000001e195bdf520] Heap_lock - owner thread: 0x000001e1b62bf010

Heap address: 0x0000000088800000, size: 1912 MB, Compressed Oops mode: 32-bit
CDS archive(s) mapped at: [0x0000000800000000-0x0000000800b50000-0x0000000800b50000), size 11862016, SharedBaseAddress: 0x0000000800000000, ArchiveRelocationMode: 0.
Compressed class space mapped at: 0x0000000800b50000-0x0000000840b50000, size: 1073741824
Narrow klass base: 0x0000000800000000, Narrow klass shift: 3, Narrow klass range: 0x100000000

GC Precious Log:
 CPUs: 2 total, 2 available
 Memory: 7645M
 Large Page Support: Disabled
 NUMA Support: Disabled
 Compressed Oops: Enabled (32-bit)
 Heap Region Size: 1M
 Heap Min Capacity: 8M
 Heap Initial Capacity: 120M
 Heap Max Capacity: 1912M
 Pre-touch: Disabled
 Parallel Workers: 2
 Concurrent Workers: 1
 Concurrent Refinement Workers: 2
 Periodic GC: Disabled

Heap:
 garbage-first heap   total 73728K, used 29021K [0x0000000088800000, 0x0000000100000000)
  region size 1024K, 5 young (5120K), 5 survivors (5120K)
 Metaspace       used 50959K, capacity 51527K, committed 51612K, reserved 1093632K
  class space    used 6796K, capacity 6963K, committed 6988K, reserved 1048576K

Heap Regions: E=young(eden), S=young(survivor), O=old, HS=humongous(starts), HC=humongous(continues), CS=collection set, F=free, OA=open archive, CA=closed archive, TAMS=top-at-mark-start (previous, next)
|   0|0x0000000088800000, 0x0000000088900000, 0x0000000088900000|100%|HS|  |TAMS 0x0000000088900000, 0x0000000088900000| Complete 
|   1|0x0000000088900000, 0x0000000088a00000, 0x0000000088a00000|100%| O|  |TAMS 0x0000000088a00000, 0x0000000088a00000| Untracked 
|   2|0x0000000088a00000, 0x0000000088b00000, 0x0000000088b00000|100%| O|  |TAMS 0x0000000088b00000, 0x0000000088b00000| Untracked 
|   3|0x0000000088b00000, 0x0000000088c00000, 0x0000000088c00000|100%| O|  |TAMS 0x0000000088c00000, 0x0000000088c00000| Untracked 
|   4|0x0000000088c00000, 0x0000000088d00000, 0x0000000088d00000|100%| O|  |TAMS 0x0000000088d00000, 0x0000000088d00000| Untracked 
|   5|0x0000000088d00000, 0x0000000088e00000, 0x0000000088e00000|100%| O|  |TAMS 0x0000000088e00000, 0x0000000088e00000| Untracked 
|   6|0x0000000088e00000, 0x0000000088f00000, 0x0000000088f00000|100%| O|  |TAMS 0x0000000088f00000, 0x0000000088f00000| Untracked 
|   7|0x0000000088f00000, 0x0000000089000000, 0x0000000089000000|100%| O|  |TAMS 0x0000000089000000, 0x0000000089000000| Untracked 
|   8|0x0000000089000000, 0x0000000089100000, 0x0000000089100000|100%| O|  |TAMS 0x0000000089100000, 0x0000000089100000| Untracked 
|   9|0x0000000089100000, 0x000000008912fe00, 0x0000000089200000| 18%| O|  |TAMS 0x000000008912fe00, 0x000000008912fe00| Untracked 
|  10|0x0000000089200000, 0x0000000089300000, 0x0000000089300000|100%| O|  |TAMS 0x0000000089300000, 0x0000000089300000| Untracked 
|  11|0x0000000089300000, 0x0000000089400000, 0x0000000089400000|100%| O|  |TAMS 0x0000000089400000, 0x0000000089400000| Untracked 
|  12|0x0000000089400000, 0x0000000089500000, 0x0000000089500000|100%| O|  |TAMS 0x0000000089500000, 0x0000000089500000| Untracked 
|  13|0x0000000089500000, 0x0000000089600000, 0x0000000089600000|100%| O|  |TAMS 0x00000000895d0c00, 0x0000000089600000| Untracked 
|  14|0x0000000089600000, 0x0000000089700000, 0x0000000089700000|100%| O|  |TAMS 0x0000000089600000, 0x0000000089700000| Untracked 
|  15|0x0000000089700000, 0x0000000089800000, 0x0000000089800000|100%| O|  |TAMS 0x0000000089700000, 0x0000000089800000| Untracked 
|  16|0x0000000089800000, 0x0000000089900000, 0x0000000089900000|100%| O|  |TAMS 0x0000000089800000, 0x0000000089900000| Untracked 
|  17|0x0000000089900000, 0x0000000089a00000, 0x0000000089a00000|100%| O|  |TAMS 0x0000000089900000, 0x0000000089a00000| Untracked 
|  18|0x0000000089a00000, 0x0000000089b00000, 0x0000000089b00000|100%| O|  |TAMS 0x0000000089a00000, 0x0000000089b00000| Untracked 
|  19|0x0000000089b00000, 0x0000000089c00000, 0x0000000089c00000|100%| O|  |TAMS 0x0000000089b00000, 0x0000000089c00000| Untracked 
|  20|0x0000000089c00000, 0x0000000089d00000, 0x0000000089d00000|100%| O|  |TAMS 0x0000000089c00000, 0x0000000089d00000| Untracked 
|  21|0x0000000089d00000, 0x0000000089e00000, 0x0000000089e00000|100%| O|  |TAMS 0x0000000089d00000, 0x0000000089e00000| Untracked 
|  22|0x0000000089e00000, 0x0000000089f00000, 0x0000000089f00000|100%| O|  |TAMS 0x0000000089e00000, 0x0000000089edda00| Untracked 
|  23|0x0000000089f00000, 0x000000008a000000, 0x000000008a000000|100%| O|  |TAMS 0x0000000089f00000, 0x0000000089f00000| Untracked 
|  24|0x000000008a000000, 0x000000008a07da00, 0x000000008a100000| 49%| O|  |TAMS 0x000000008a000000, 0x000000008a000000| Untracked 
|  25|0x000000008a100000, 0x000000008a100000, 0x000000008a200000|  0%| F|  |TAMS 0x000000008a100000, 0x000000008a100000| Untracked 
|  26|0x000000008a200000, 0x000000008a200000, 0x000000008a300000|  0%| F|  |TAMS 0x000000008a200000, 0x000000008a200000| Untracked 
|  27|0x000000008a300000, 0x000000008a300000, 0x000000008a400000|  0%| F|  |TAMS 0x000000008a300000, 0x000000008a300000| Untracked 
|  28|0x000000008a400000, 0x000000008a400000, 0x000000008a500000|  0%| F|  |TAMS 0x000000008a400000, 0x000000008a400000| Untracked 
|  29|0x000000008a500000, 0x000000008a500000, 0x000000008a600000|  0%| F|  |TAMS 0x000000008a500000, 0x000000008a500000| Untracked 
|  30|0x000000008a600000, 0x000000008a600000, 0x000000008a700000|  0%| F|  |TAMS 0x000000008a600000, 0x000000008a600000| Untracked 
|  31|0x000000008a700000, 0x000000008a700000, 0x000000008a800000|  0%| F|  |TAMS 0x000000008a700000, 0x000000008a700000| Untracked 
|  32|0x000000008a800000, 0x000000008a800000, 0x000000008a900000|  0%| F|  |TAMS 0x000000008a800000, 0x000000008a800000| Untracked 
|  33|0x000000008a900000, 0x000000008a900000, 0x000000008aa00000|  0%| F|  |TAMS 0x000000008a900000, 0x000000008a900000| Untracked 
|  34|0x000000008aa00000, 0x000000008aa00000, 0x000000008ab00000|  0%| F|  |TAMS 0x000000008aa00000, 0x000000008aa00000| Untracked 
|  35|0x000000008ab00000, 0x000000008ab00000, 0x000000008ac00000|  0%| F|  |TAMS 0x000000008ab00000, 0x000000008ab00000| Untracked 
|  36|0x000000008ac00000, 0x000000008ac00000, 0x000000008ad00000|  0%| F|  |TAMS 0x000000008ac00000, 0x000000008ac00000| Untracked 
|  37|0x000000008ad00000, 0x000000008ad00000, 0x000000008ae00000|  0%| F|  |TAMS 0x000000008ad00000, 0x000000008ad00000| Untracked 
|  38|0x000000008ae00000, 0x000000008ae00000, 0x000000008af00000|  0%| F|  |TAMS 0x000000008ae00000, 0x000000008ae00000| Untracked 
|  39|0x000000008af00000, 0x000000008af00000, 0x000000008b000000|  0%| F|  |TAMS 0x000000008af00000, 0x000000008af00000| Untracked 
|  40|0x000000008b000000, 0x000000008b000000, 0x000000008b100000|  0%| F|  |TAMS 0x000000008b000000, 0x000000008b000000| Untracked 
|  41|0x000000008b100000, 0x000000008b100000, 0x000000008b200000|  0%| F|  |TAMS 0x000000008b100000, 0x000000008b100000| Untracked 
|  42|0x000000008b200000, 0x000000008b200000, 0x000000008b300000|  0%| F|  |TAMS 0x000000008b200000, 0x000000008b200000| Untracked 
|  43|0x000000008b300000, 0x000000008b300000, 0x000000008b400000|  0%| F|  |TAMS 0x000000008b300000, 0x000000008b300000| Untracked 
|  44|0x000000008b400000, 0x000000008b400000, 0x000000008b500000|  0%| F|  |TAMS 0x000000008b400000, 0x000000008b400000| Untracked 
|  45|0x000000008b500000, 0x000000008b500000, 0x000000008b600000|  0%| F|  |TAMS 0x000000008b500000, 0x000000008b500000| Untracked 
|  46|0x000000008b600000, 0x000000008b600000, 0x000000008b700000|  0%| F|  |TAMS 0x000000008b600000, 0x000000008b600000| Untracked 
|  47|0x000000008b700000, 0x000000008b700000, 0x000000008b800000|  0%| F|  |TAMS 0x000000008b700000, 0x000000008b700000| Untracked 
|  48|0x000000008b800000, 0x000000008b800000, 0x000000008b900000|  0%| F|  |TAMS 0x000000008b800000, 0x000000008b800000| Untracked 
|  49|0x000000008b900000, 0x000000008b900000, 0x000000008ba00000|  0%| F|  |TAMS 0x000000008b900000, 0x000000008b900000| Untracked 
|  50|0x000000008ba00000, 0x000000008ba00000, 0x000000008bb00000|  0%| F|  |TAMS 0x000000008ba00000, 0x000000008ba00000| Untracked 
|  51|0x000000008bb00000, 0x000000008bb00000, 0x000000008bc00000|  0%| F|  |TAMS 0x000000008bb00000, 0x000000008bb00000| Untracked 
|  52|0x000000008bc00000, 0x000000008bc00000, 0x000000008bd00000|  0%| F|  |TAMS 0x000000008bc00000, 0x000000008bc00000| Untracked 
|  53|0x000000008bd00000, 0x000000008bd00000, 0x000000008be00000|  0%| F|  |TAMS 0x000000008bd00000, 0x000000008bd00000| Untracked 
|  54|0x000000008be00000, 0x000000008be00000, 0x000000008bf00000|  0%| F|  |TAMS 0x000000008be00000, 0x000000008be00000| Untracked 
|  55|0x000000008bf00000, 0x000000008bfa9f80, 0x000000008c000000| 66%| S|CS|TAMS 0x000000008bf00000, 0x000000008bf00000| Complete 
|  56|0x000000008c000000, 0x000000008c100000, 0x000000008c100000|100%| S|CS|TAMS 0x000000008c000000, 0x000000008c000000| Complete 
|  57|0x000000008c100000, 0x000000008c200000, 0x000000008c200000|100%| S|CS|TAMS 0x000000008c100000, 0x000000008c100000| Complete 
|  58|0x000000008c200000, 0x000000008c300000, 0x000000008c300000|100%| S|CS|TAMS 0x000000008c200000, 0x000000008c200000| Complete 
|  59|0x000000008c300000, 0x000000008c400000, 0x000000008c400000|100%| S|CS|TAMS 0x000000008c300000, 0x000000008c300000| Complete 
|  60|0x000000008c400000, 0x000000008c400000, 0x000000008c500000|  0%| F|  |TAMS 0x000000008c400000, 0x000000008c400000| Untracked 
|  61|0x000000008c500000, 0x000000008c500000, 0x000000008c600000|  0%| F|  |TAMS 0x000000008c500000, 0x000000008c500000| Untracked 
|  62|0x000000008c600000, 0x000000008c600000, 0x000000008c700000|  0%| F|  |TAMS 0x000000008c600000, 0x000000008c600000| Untracked 
|  63|0x000000008c700000, 0x000000008c700000, 0x000000008c800000|  0%| F|  |TAMS 0x000000008c700000, 0x000000008c700000| Untracked 
|  64|0x000000008c800000, 0x000000008c800000, 0x000000008c900000|  0%| F|  |TAMS 0x000000008c800000, 0x000000008c800000| Untracked 
|  65|0x000000008c900000, 0x000000008c900000, 0x000000008ca00000|  0%| F|  |TAMS 0x000000008c900000, 0x000000008c900000| Untracked 
|  66|0x000000008ca00000, 0x000000008ca00000, 0x000000008cb00000|  0%| F|  |TAMS 0x000000008ca00000, 0x000000008ca00000| Untracked 
|  99|0x000000008eb00000, 0x000000008eb00000, 0x000000008ec00000|  0%| F|  |TAMS 0x000000008eb00000, 0x000000008eb00000| Untracked 
| 100|0x000000008ec00000, 0x000000008ec00000, 0x000000008ed00000|  0%| F|  |TAMS 0x000000008ec00000, 0x000000008ec00000| Untracked 
| 101|0x000000008ed00000, 0x000000008ed00000, 0x000000008ee00000|  0%| F|  |TAMS 0x000000008ed00000, 0x000000008ed00000| Untracked 
| 102|0x000000008ee00000, 0x000000008ee00000, 0x000000008ef00000|  0%| F|  |TAMS 0x000000008ee00000, 0x000000008ee00000| Untracked 
| 119|0x000000008ff00000, 0x000000008ff00000, 0x0000000090000000|  0%| F|  |TAMS 0x000000008ff00000, 0x000000008ff00000| Untracked 

Card table byte_map: [0x000001e1ace10000,0x000001e1ad1d0000] _byte_map_base: 0x000001e1ac9cc000

Marking Bits (Prev, Next): (CMBitMap*) 0x000001e195c1a220, (CMBitMap*) 0x000001e195c1a260
 Prev Bits: [0x000001e1ad590000, 0x000001e1af370000)
 Next Bits: [0x000001e1af370000, 0x000001e1b1150000)

Polling page: 0x000001e193900000

Metaspace:

Usage:
  Non-class:     43.52 MB capacity,    43.13 MB (>99%) used,   329.33 KB ( <1%) free+waste,    71.94 KB ( <1%) overhead. 
      Class:      6.80 MB capacity,     6.64 MB ( 98%) used,   137.52 KB (  2%) free+waste,    28.81 KB ( <1%) overhead. 
       Both:     50.32 MB capacity,    49.77 MB ( 99%) used,   466.84 KB ( <1%) free+waste,   100.75 KB ( <1%) overhead. 

Virtual space:
  Non-class space:       44.00 MB reserved,      43.58 MB (>99%) committed 
      Class space:        1.00 GB reserved,       6.82 MB ( <1%) committed 
             Both:        1.04 GB reserved,      50.40 MB (  5%) committed 

Chunk freelists:
   Non-Class:  60.00 KB
       Class:  25.00 KB
        Both:  85.00 KB

MaxMetaspaceSize: 17179869184.00 GB
CompressedClassSpaceSize: 1.00 GB

CodeHeap 'non-profiled nmethods': size=239488Kb used=8609Kb max_used=8609Kb free=230878Kb
 bounds [0x000001e19e430000, 0x000001e19eca0000, 0x000001e1ace10000]
CodeHeap 'non-nmethods': size=6272Kb used=1313Kb max_used=1313Kb free=4958Kb
 bounds [0x000001e19de10000, 0x000001e19e080000, 0x000001e19e430000]
 total_blobs=6178 nmethods=5566 adapters=540
 compilation: enabled
              stopped_count=0, restarted_count=0
 full_count=0

Compilation events (20 events):
Event: 60.798 Thread 0x000001e1b34fa2b0 5558       1       com.fasterxml.jackson.databind.AnnotationIntrospector::findNameForDeserialization (2 bytes)
Event: 60.798 Thread 0x000001e1b34fa2b0 nmethod 5558 0x000001e19ec94a90 code [0x000001e19ec94c20, 0x000001e19ec94cd8]
Event: 60.800 Thread 0x000001e1b34fa2b0 5559       1       com.fasterxml.jackson.databind.introspect.AnnotationIntrospectorPair::findImplicitPropertyName (26 bytes)
Event: 60.800 Thread 0x000001e1b34fa2b0 nmethod 5559 0x000001e19ec94d90 code [0x000001e19ec94f40, 0x000001e19ec95078]
Event: 60.800 Thread 0x000001e1b34fa2b0 5560       1       com.fasterxml.jackson.module.paramnames.ParameterNamesAnnotationIntrospector::findImplicitPropertyName (18 bytes)
Event: 60.800 Thread 0x000001e1b34fa2b0 nmethod 5560 0x000001e19ec95110 code [0x000001e19ec952c0, 0x000001e19ec95448]
Event: 60.800 Thread 0x000001e1b34fa2b0 5561       1       com.fasterxml.jackson.databind.introspect.JacksonAnnotationIntrospector::_findConstructorName (46 bytes)
Event: 60.801 Thread 0x000001e1b34fa2b0 nmethod 5561 0x000001e19ec95510 code [0x000001e19ec956c0, 0x000001e19ec95868]
Event: 60.801 Thread 0x000001e1b34fa2b0 5562       1       com.fasterxml.jackson.databind.introspect.JacksonAnnotationIntrospector::findImplicitPropertyName (19 bytes)
Event: 60.801 Thread 0x000001e1b34fa2b0 nmethod 5562 0x000001e19ec95910 code [0x000001e19ec95aa0, 0x000001e19ec95ba8]
Event: 60.801 Thread 0x000001e1b34fa2b0 5563       1       com.fasterxml.jackson.databind.AnnotationIntrospector::_hasOneOf (6 bytes)
Event: 60.801 Thread 0x000001e1b34fa2b0 nmethod 5563 0x000001e19ec95c90 code [0x000001e19ec95e20, 0x000001e19ec95f08]
Event: 60.805 Thread 0x000001e1b34fa2b0 5564   !   1       java.util.concurrent.ConcurrentHashMap::putVal (432 bytes)
Event: 60.807 Thread 0x000001e1b34fa2b0 nmethod 5564 0x000001e19ec95f90 code [0x000001e19ec96220, 0x000001e19ec971d8]
Event: 60.811 Thread 0x000001e1b34fa2b0 5565       1       java.util.concurrent.ConcurrentHashMap::putIfAbsent (8 bytes)
Event: 60.811 Thread 0x000001e1b34fa2b0 nmethod 5565 0x000001e19ec97910 code [0x000001e19ec97aa0, 0x000001e19ec97b88]
Event: 60.813 Thread 0x000001e1b34fa2b0 5566       1       com.fasterxml.jackson.databind.introspect.AnnotatedMethod::getParameterCount (6 bytes)
Event: 60.814 Thread 0x000001e1b34fa2b0 nmethod 5566 0x000001e19ec97c10 code [0x000001e19ec97dc0, 0x000001e19ec97f68]
Event: 60.814 Thread 0x000001e1b34fa2b0 5567       1       com.fasterxml.jackson.databind.introspect.AnnotatedMethod::getRawParameterTypes (23 bytes)
Event: 60.815 Thread 0x000001e1b34fa2b0 nmethod 5567 0x000001e19ec98090 code [0x000001e19ec98240, 0x000001e19ec983c8]

GC Heap History (20 events):
Event: 10.813 GC heap before
{Heap before GC invocations=7 (full 0):
 garbage-first heap   total 51200K, used 39061K [0x0000000088800000, 0x0000000100000000)
  region size 1024K, 30 young (30720K), 4 survivors (4096K)
 Metaspace       used 23252K, capacity 23624K, committed 23984K, reserved 1071104K
  class space    used 3092K, capacity 3232K, committed 3328K, reserved 1048576K
}
Event: 10.831 GC heap after
{Heap after GC invocations=8 (full 0):
 garbage-first heap   total 51200K, used 15164K [0x0000000088800000, 0x0000000100000000)
  region size 1024K, 4 young (4096K), 4 survivors (4096K)
 Metaspace       used 23252K, capacity 23624K, committed 23984K, reserved 1071104K
  class space    used 3092K, capacity 3232K, committed 3328K, reserved 1048576K
}
Event: 10.844 GC heap before
{Heap before GC invocations=8 (full 0):
 garbage-first heap   total 51200K, used 36668K [0x0000000088800000, 0x0000000100000000)
  region size 1024K, 26 young (26624K), 4 survivors (4096K)
 Metaspace       used 23252K, capacity 23624K, committed 23984K, reserved 1071104K
  class space    used 3092K, capacity 3232K, committed 3328K, reserved 1048576K
}
Event: 10.854 GC heap after
{Heap after GC invocations=9 (full 0):
 garbage-first heap   total 61440K, used 15058K [0x0000000088800000, 0x0000000100000000)
  region size 1024K, 2 young (2048K), 2 survivors (2048K)
 Metaspace       used 23252K, capacity 23624K, committed 23984K, reserved 1071104K
  class space    used 3092K, capacity 3232K, committed 3328K, reserved 1048576K
}
Event: 11.955 GC heap before
{Heap before GC invocations=9 (full 0):
 garbage-first heap   total 61440K, used 46802K [0x0000000088800000, 0x0000000100000000)
  region size 1024K, 33 young (33792K), 2 survivors (2048K)
 Metaspace       used 28654K, capacity 29028K, committed 29104K, reserved 1075200K
  class space    used 3919K, capacity 4073K, committed 4096K, reserved 1048576K
}
Event: 11.966 GC heap after
{Heap after GC invocations=10 (full 0):
 garbage-first heap   total 61440K, used 16309K [0x0000000088800000, 0x0000000100000000)
  region size 1024K, 3 young (3072K), 3 survivors (3072K)
 Metaspace       used 28654K, capacity 29028K, committed 29104K, reserved 1075200K
  class space    used 3919K, capacity 4073K, committed 4096K, reserved 1048576K
}
Event: 13.190 GC heap before
{Heap before GC invocations=10 (full 0):
 garbage-first heap   total 61440K, used 40885K [0x0000000088800000, 0x0000000100000000)
  region size 1024K, 29 young (29696K), 3 survivors (3072K)
 Metaspace       used 35455K, capacity 35827K, committed 35920K, reserved 1081344K
  class space    used 4705K, capacity 4845K, committed 4864K, reserved 1048576K
}
Event: 13.209 GC heap after
{Heap after GC invocations=11 (full 0):
 garbage-first heap   total 61440K, used 19204K [0x0000000088800000, 0x0000000100000000)
  region size 1024K, 5 young (5120K), 5 survivors (5120K)
 Metaspace       used 35455K, capacity 35827K, committed 35920K, reserved 1081344K
  class space    used 4705K, capacity 4845K, committed 4864K, reserved 1048576K
}
Event: 14.397 GC heap before
{Heap before GC invocations=12 (full 0):
 garbage-first heap   total 61440K, used 44804K [0x0000000088800000, 0x0000000100000000)
  region size 1024K, 31 young (31744K), 5 survivors (5120K)
 Metaspace       used 39572K, capacity 40041K, committed 40220K, reserved 1083392K
  class space    used 5367K, capacity 5499K, committed 5580K, reserved 1048576K
}
Event: 14.413 GC heap after
{Heap after GC invocations=13 (full 0):
 garbage-first heap   total 61440K, used 20346K [0x0000000088800000, 0x0000000100000000)
  region size 1024K, 2 young (2048K), 2 survivors (2048K)
 Metaspace       used 39572K, capacity 40041K, committed 40220K, reserved 1083392K
  class space    used 5367K, capacity 5499K, committed 5580K, reserved 1048576K
}
Event: 15.279 GC heap before
{Heap before GC invocations=13 (full 0):
 garbage-first heap   total 61440K, used 46970K [0x0000000088800000, 0x0000000100000000)
  region size 1024K, 28 young (28672K), 2 survivors (2048K)
 Metaspace       used 43436K, capacity 43932K, committed 44060K, reserved 1087488K
  class space    used 5854K, capacity 6023K, committed 6092K, reserved 1048576K
}
Event: 15.289 GC heap after
{Heap after GC invocations=14 (full 0):
 garbage-first heap   total 61440K, used 21950K [0x0000000088800000, 0x0000000100000000)
  region size 1024K, 3 young (3072K), 3 survivors (3072K)
 Metaspace       used 43436K, capacity 43932K, committed 44060K, reserved 1087488K
  class space    used 5854K, capacity 6023K, committed 6092K, reserved 1048576K
}
Event: 15.621 GC heap before
{Heap before GC invocations=14 (full 0):
 garbage-first heap   total 61440K, used 47550K [0x0000000088800000, 0x0000000100000000)
  region size 1024K, 28 young (28672K), 3 survivors (3072K)
 Metaspace       used 43647K, capacity 44181K, committed 44316K, reserved 1087488K
  class space    used 5870K, capacity 6035K, committed 6092K, reserved 1048576K
}
Event: 15.634 GC heap after
{Heap after GC invocations=15 (full 0):
 garbage-first heap   total 61440K, used 22876K [0x0000000088800000, 0x0000000100000000)
  region size 1024K, 3 young (3072K), 3 survivors (3072K)
 Metaspace       used 43647K, capacity 44181K, committed 44316K, reserved 1087488K
  class space    used 5870K, capacity 6035K, committed 6092K, reserved 1048576K
}
Event: 16.254 GC heap before
{Heap before GC invocations=15 (full 0):
 garbage-first heap   total 61440K, used 48476K [0x0000000088800000, 0x0000000100000000)
  region size 1024K, 28 young (28672K), 3 survivors (3072K)
 Metaspace       used 45206K, capacity 45677K, committed 45852K, reserved 1089536K
  class space    used 6072K, capacity 6233K, committed 6348K, reserved 1048576K
}
Event: 16.270 GC heap after
{Heap after GC invocations=16 (full 0):
 garbage-first heap   total 61440K, used 24510K [0x0000000088800000, 0x0000000100000000)
  region size 1024K, 3 young (3072K), 3 survivors (3072K)
 Metaspace       used 45206K, capacity 45677K, committed 45852K, reserved 1089536K
  class space    used 6072K, capacity 6233K, committed 6348K, reserved 1048576K
}
Event: 58.304 GC heap before
{Heap before GC invocations=16 (full 0):
 garbage-first heap   total 61440K, used 48062K [0x0000000088800000, 0x0000000100000000)
  region size 1024K, 26 young (26624K), 3 survivors (3072K)
 Metaspace       used 48788K, capacity 49319K, committed 49692K, reserved 1091584K
  class space    used 6537K, capacity 6739K, committed 6860K, reserved 1048576K
}
Event: 58.331 GC heap after
{Heap after GC invocations=17 (full 0):
 garbage-first heap   total 73728K, used 26637K [0x0000000088800000, 0x0000000100000000)
  region size 1024K, 4 young (4096K), 4 survivors (4096K)
 Metaspace       used 48788K, capacity 49319K, committed 49692K, reserved 1091584K
  class space    used 6537K, capacity 6739K, committed 6860K, reserved 1048576K
}
Event: 60.815 GC heap before
{Heap before GC invocations=17 (full 0):
 garbage-first heap   total 73728K, used 36877K [0x0000000088800000, 0x0000000100000000)
  region size 1024K, 16 young (16384K), 4 survivors (4096K)
 Metaspace       used 50959K, capacity 51527K, committed 51612K, reserved 1093632K
  class space    used 6796K, capacity 6963K, committed 6988K, reserved 1048576K
}
Event: 60.840 GC heap after
{Heap after GC invocations=18 (full 0):
 garbage-first heap   total 73728K, used 29021K [0x0000000088800000, 0x0000000100000000)
  region size 1024K, 5 young (5120K), 5 survivors (5120K)
 Metaspace       used 50959K, capacity 51527K, committed 51612K, reserved 1093632K
  class space    used 6796K, capacity 6963K, committed 6988K, reserved 1048576K
}

Deoptimization events (18 events):
Event: 9.193 Thread 0x000001e195be27c0 DEOPT PACKING pc=0x000001e19e6f4254 sp=0x000000330c3fd9d0
Event: 9.193 Thread 0x000001e195be27c0 DEOPT UNPACKING pc=0x000001e19de5df3f sp=0x000000330c3fcf28 mode 0
Event: 11.112 Thread 0x000001e1b591c010 DEOPT PACKING pc=0x000001e19e6b5a11 sp=0x000000330d9feae0
Event: 11.112 Thread 0x000001e1b591c010 DEOPT UNPACKING pc=0x000001e19de5df3f sp=0x000000330d9fdf38 mode 3
Event: 11.112 Thread 0x000001e195be27c0 DEOPT PACKING pc=0x000001e19e6d547e sp=0x000000330c3fe9b0
Event: 11.112 Thread 0x000001e195be27c0 DEOPT UNPACKING pc=0x000001e19de5df3f sp=0x000000330c3fde40 mode 3
Event: 16.356 Thread 0x000001e195be27c0 DEOPT PACKING pc=0x000001e19e719242 sp=0x000000330c3fdfc0
Event: 16.356 Thread 0x000001e195be27c0 DEOPT UNPACKING pc=0x000001e19de5df3f sp=0x000000330c3fd4c8 mode 3
Event: 16.356 Thread 0x000001e195be27c0 DEOPT PACKING pc=0x000001e19e6d74a5 sp=0x000000330c3fdf80
Event: 16.356 Thread 0x000001e195be27c0 DEOPT UNPACKING pc=0x000001e19de5df3f sp=0x000000330c3fd4c8 mode 3
Event: 60.602 Thread 0x000001e1b62bf010 DEOPT PACKING pc=0x000001e19e58f4da sp=0x000000330e2fbeb0
Event: 60.602 Thread 0x000001e1b62bf010 DEOPT UNPACKING pc=0x000001e19de5df3f sp=0x000000330e2fb3d8 mode 0
Event: 60.604 Thread 0x000001e1b3542430 DEOPT PACKING pc=0x000001e19e58f4da sp=0x000000330e3fbec0
Event: 60.604 Thread 0x000001e1b3542430 DEOPT UNPACKING pc=0x000001e19de5df3f sp=0x000000330e3fb3e8 mode 0
Event: 60.605 Thread 0x000001e1b35415c0 DEOPT PACKING pc=0x000001e19e58f374 sp=0x000000330e4fbb10
Event: 60.605 Thread 0x000001e1b35415c0 DEOPT UNPACKING pc=0x000001e19de5df3f sp=0x000000330e4fb038 mode 0
Event: 60.605 Thread 0x000001e1b5f0a4f0 DEOPT PACKING pc=0x000001e19e58f4da sp=0x000000330e1fc3c0
Event: 60.605 Thread 0x000001e1b5f0a4f0 DEOPT UNPACKING pc=0x000001e19de5df3f sp=0x000000330e1fb8e8 mode 0

Classes unloaded (0 events):
No events

Classes redefined (0 events):
No events

Internal exceptions (20 events):
Event: 15.755 Thread 0x000001e195be27c0 Exception <a 'java/lang/ClassNotFoundException'{0x000000008ba23310}: java/lang/ObjectCustomizer> (0x000000008ba23310) 
thrown [./open/src/hotspot/share/classfile/systemDictionary.cpp, line 295]
Event: 15.756 Thread 0x000001e195be27c0 Exception <a 'java/lang/ClassNotFoundException'{0x000000008ba2a890}: uor/fot/canteen/model/User_logCustomizer> (0x000000008ba2a890) 
thrown [./open/src/hotspot/share/classfile/systemDictionary.cpp, line 295]
Event: 15.842 Thread 0x000001e195be27c0 Exception <a 'java/lang/ClassNotFoundException'{0x000000008b541808}: java/lang/ObjectCustomizer> (0x000000008b541808) 
thrown [./open/src/hotspot/share/classfile/systemDictionary.cpp, line 295]
Event: 15.843 Thread 0x000001e195be27c0 Exception <a 'java/lang/ClassNotFoundException'{0x000000008b548e20}: org/springframework/web/servlet/config/annotation/WebMvcConfigurationSupportCustomizer> (0x000000008b548e20) 
thrown [./open/src/hotspot/share/classfile/systemDictionary.cpp, line 295]
Event: 15.844 Thread 0x000001e195be27c0 Exception <a 'java/lang/ClassNotFoundException'{0x000000008b55c5a0}: org/springframework/web/servlet/config/annotation/DelegatingWebMvcConfigurationCustomizer> (0x000000008b55c5a0) 
thrown [./open/src/hotspot/share/classfile/systemDictionary.cpp, line 295]
Event: 15.846 Thread 0x000001e195be27c0 Exception <a 'java/lang/ClassNotFoundException'{0x000000008b564f88}: org/springframework/boot/autoconfigure/web/servlet/WebMvcAutoConfiguration$EnableWebMvcConfigurationCustomizer> (0x000000008b564f88) 
thrown [./open/src/hotspot/share/classfile/systemDictionary.cpp, line 295]
Event: 15.849 Thread 0x000001e195be27c0 Exception <a 'java/lang/ClassNotFoundException'{0x000000008b578280}: org/springframework/context/ResourceLoaderAwareCustomizer> (0x000000008b578280) 
thrown [./open/src/hotspot/share/classfile/systemDictionary.cpp, line 295]
Event: 15.849 Thread 0x000001e195be27c0 Exception <a 'java/lang/ClassNotFoundException'{0x000000008b57cae8}: org/springframework/beans/factory/AwareCustomizer> (0x000000008b57cae8) 
thrown [./open/src/hotspot/share/classfile/systemDictionary.cpp, line 295]
Event: 15.850 Thread 0x000001e195be27c0 Exception <a 'java/lang/ClassNotFoundException'{0x000000008b580978}: org/springframework/context/ApplicationContextAwareCustomizer> (0x000000008b580978) 
thrown [./open/src/hotspot/share/classfile/systemDictionary.cpp, line 295]
Event: 15.851 Thread 0x000001e195be27c0 Exception <a 'java/lang/ClassNotFoundException'{0x000000008b585db0}: org/springframework/beans/factory/AwareCustomizer> (0x000000008b585db0) 
thrown [./open/src/hotspot/share/classfile/systemDictionary.cpp, line 295]
Event: 15.851 Thread 0x000001e195be27c0 Exception <a 'java/lang/ClassNotFoundException'{0x000000008b589990}: org/springframework/web/context/ServletContextAwareCustomizer> (0x000000008b589990) 
thrown [./open/src/hotspot/share/classfile/systemDictionary.cpp, line 295]
Event: 15.852 Thread 0x000001e195be27c0 Exception <a 'java/lang/ClassNotFoundException'{0x000000008b58e650}: org/springframework/beans/factory/AwareCustomizer> (0x000000008b58e650) 
thrown [./open/src/hotspot/share/classfile/systemDictionary.cpp, line 295]
Event: 16.134 Thread 0x000001e195be27c0 Exception <a 'java/lang/NoSuchMethodError'{0x000000008aebce20}: 'void java.lang.invoke.DirectMethodHandle$Holder.invokeVirtual(java.lang.Object, java.lang.Object, int)'> (0x000000008aebce20) 
thrown [./open/src/hotspot/share/interpreter/linkResolver.cpp, line 782]
Event: 16.136 Thread 0x000001e195be27c0 Exception <a 'java/lang/NoSuchMethodError'{0x000000008aed90a0}: 'void java.lang.invoke.DirectMethodHandle$Holder.invokeVirtual(java.lang.Object, java.lang.Object, long)'> (0x000000008aed90a0) 
thrown [./open/src/hotspot/share/interpreter/linkResolver.cpp, line 782]
Event: 16.386 Thread 0x000001e195be27c0 Exception <a 'java/lang/IncompatibleClassChangeError'{0x000000008ed37de0}: Found class java.lang.Object, but interface was expected> (0x000000008ed37de0) 
thrown [./open/src/hotspot/share/interpreter/linkResolver.cpp, line 848]
Event: 16.440 Thread 0x000001e195be27c0 Exception <a 'java/lang/NoSuchMethodError'{0x000000008ec8b5e0}: 'int java.lang.invoke.DirectMethodHandle$Holder.invokeStaticInit(java.lang.Object, java.lang.Object, java.lang.Object, java.lang.Object)'> (0x000000008ec8b5e0) 
thrown [./open/src/hotspot/share/interpreter/linkResolver.cpp, line 782]
Event: 16.754 Thread 0x000001e195be27c0 Exception <a 'java/lang/NoSuchMethodError'{0x000000008b8b5f10}: 'java.lang.Object java.lang.invoke.DirectMethodHandle$Holder.invokeSpecial(java.lang.Object, java.lang.Object, int, java.lang.Object, int, java.lang.Object)'> (0x000000008b8b5f10) 
thrown [./open/src/hotspot/share/interpreter/linkResolver.cpp, line 782]
Event: 16.755 Thread 0x000001e195be27c0 Exception <a 'java/lang/NoSuchMethodError'{0x000000008b8be6f8}: 'java.lang.Object java.lang.invoke.DirectMethodHandle$Holder.newInvokeSpecial(java.lang.Object, java.lang.Object, int, java.lang.Object, int)'> (0x000000008b8be6f8) 
thrown [./open/src/hotspot/share/interpreter/linkResolver.cpp, line 782]
Event: 16.755 Thread 0x000001e195be27c0 Exception <a 'java/lang/NoSuchMethodError'{0x000000008b8c2908}: 'java.lang.Object java.lang.invoke.DirectMethodHandle$Holder.invokeSpecial(java.lang.Object, java.lang.Object, java.lang.Object, int, java.lang.Object, int)'> (0x000000008b8c2908) 
thrown [./open/src/hotspot/share/interpreter/linkResolver.cpp, line 782]
Event: 16.757 Thread 0x000001e195be27c0 Exception <a 'java/lang/NoSuchMethodError'{0x000000008b8cd378}: 'void java.lang.invoke.DirectMethodHandle$Holder.invokeVirtual(java.lang.Object, java.lang.Object)'> (0x000000008b8cd378) 
thrown [./open/src/hotspot/share/interpreter/linkResolver.cpp, line 782]

Events (20 events):
Event: 60.152 loading class java/time/format/DateTimeFormatterBuilder$ZoneTextPrinterParser done
Event: 60.153 loading class java/time/format/DateTimeFormatterBuilder$ReducedPrinterParser
Event: 60.153 loading class java/time/format/DateTimeFormatterBuilder$ReducedPrinterParser done
Event: 60.222 loading class java/util/OptionalLong
Event: 60.222 loading class java/util/OptionalLong done
Event: 60.222 loading class java/util/OptionalDouble
Event: 60.222 loading class java/util/OptionalDouble done
Event: 60.378 Executing VM operation: HandshakeAllThreads
Event: 60.378 Executing VM operation: HandshakeAllThreads done
Event: 60.474 loading class java/util/concurrent/locks/ReentrantReadWriteLock$Sync$HoldCounter
Event: 60.474 loading class java/util/concurrent/locks/ReentrantReadWriteLock$Sync$HoldCounter done
Event: 60.524 loading class java/util/concurrent/atomic/AtomicReferenceArray
Event: 60.524 loading class java/util/concurrent/atomic/AtomicReferenceArray done
Event: 60.581 loading class java/util/stream/LongStream
Event: 60.581 loading class java/util/stream/LongStream done
Event: 60.582 loading class java/util/stream/DoubleStream
Event: 60.582 loading class java/util/stream/DoubleStream done
Event: 60.602 Executing VM operation: HandshakeAllThreads
Event: 60.602 Executing VM operation: HandshakeAllThreads done
Event: 60.815 Executing VM operation: CollectForMetadataAllocation


Dynamic libraries:
0x00007ff619080000 - 0x00007ff61908d000 	C:\Users\HP\.jdks\openjdk-15.0.2\bin\java.exe
0x00007ffe41410000 - 0x00007ffe41605000 	C:\WINDOWS\SYSTEM32\ntdll.dll
0x00007ffe41310000 - 0x00007ffe413cd000 	C:\WINDOWS\System32\KERNEL32.DLL
0x00007ffe3eb50000 - 0x00007ffe3ee18000 	C:\WINDOWS\System32\KERNELBASE.dll
0x00007ffe3eeb0000 - 0x00007ffe3efb0000 	C:\WINDOWS\System32\ucrtbase.dll
0x00007ffe2fd80000 - 0x00007ffe2fd98000 	C:\Users\HP\.jdks\openjdk-15.0.2\bin\jli.dll
0x00007ffe404a0000 - 0x00007ffe40640000 	C:\WINDOWS\System32\USER32.dll
0x00007ffe3f050000 - 0x00007ffe3f072000 	C:\WINDOWS\System32\win32u.dll
0x00007ffe40fe0000 - 0x00007ffe4100a000 	C:\WINDOWS\System32\GDI32.dll
0x00007ffe3f130000 - 0x00007ffe3f23b000 	C:\WINDOWS\System32\gdi32full.dll
0x00007ffe3efb0000 - 0x00007ffe3f04d000 	C:\WINDOWS\System32\msvcp_win.dll
0x00007ffe2fd60000 - 0x00007ffe2fd79000 	C:\Users\HP\.jdks\openjdk-15.0.2\bin\VCRUNTIME140.dll
0x00007ffe2b080000 - 0x00007ffe2b31a000 	C:\WINDOWS\WinSxS\amd64_microsoft.windows.common-controls_6595b64144ccf1df_6.0.19041.1052_none_60b8f8fd71f5e8cb\COMCTL32.dll
0x00007ffe40640000 - 0x00007ffe406de000 	C:\WINDOWS\System32\msvcrt.dll
0x00007ffe40790000 - 0x00007ffe407c0000 	C:\WINDOWS\System32\IMM32.DLL
0x00007ffe2fdd0000 - 0x00007ffe2fddc000 	C:\Users\HP\.jdks\openjdk-15.0.2\bin\vcruntime140_1.dll
0x00007ffe1a0b0000 - 0x00007ffe1a141000 	C:\Users\HP\.jdks\openjdk-15.0.2\bin\msvcp140.dll
0x00007ffdeef90000 - 0x00007ffdefaee000 	C:\Users\HP\.jdks\openjdk-15.0.2\bin\server\jvm.dll
0x00007ffe41090000 - 0x00007ffe4113c000 	C:\WINDOWS\System32\ADVAPI32.dll
0x00007ffe406f0000 - 0x00007ffe4078b000 	C:\WINDOWS\System32\sechost.dll
0x00007ffe3f480000 - 0x00007ffe3f5ab000 	C:\WINDOWS\System32\RPCRT4.dll
0x00007ffe40fd0000 - 0x00007ffe40fd8000 	C:\WINDOWS\System32\PSAPI.DLL
0x00007ffe3aa20000 - 0x00007ffe3aa29000 	C:\WINDOWS\SYSTEM32\WSOCK32.dll
0x00007ffe41020000 - 0x00007ffe4108b000 	C:\WINDOWS\System32\WS2_32.dll
0x00007ffe35080000 - 0x00007ffe350a7000 	C:\WINDOWS\SYSTEM32\WINMM.dll
0x00007ffe350b0000 - 0x00007ffe350ba000 	C:\WINDOWS\SYSTEM32\VERSION.dll
0x00007ffe3ca80000 - 0x00007ffe3ca92000 	C:\WINDOWS\SYSTEM32\kernel.appcore.dll
0x00007ffe2c140000 - 0x00007ffe2c14a000 	C:\Users\HP\.jdks\openjdk-15.0.2\bin\jimage.dll
0x00007ffe31d50000 - 0x00007ffe31f34000 	C:\WINDOWS\SYSTEM32\DBGHELP.DLL
0x00007ffe3a6a0000 - 0x00007ffe3a6cc000 	C:\WINDOWS\SYSTEM32\dbgcore.DLL
0x00007ffe3ee20000 - 0x00007ffe3eea3000 	C:\WINDOWS\System32\bcryptPrimitives.dll
0x00007ffe2c100000 - 0x00007ffe2c10e000 	C:\Users\HP\.jdks\openjdk-15.0.2\bin\instrument.dll
0x00007ffe2c110000 - 0x00007ffe2c135000 	C:\Users\HP\.jdks\openjdk-15.0.2\bin\java.dll
0x00007ffe3f630000 - 0x00007ffe3fd6f000 	C:\WINDOWS\System32\SHELL32.dll
0x00007ffe3cc80000 - 0x00007ffe3d410000 	C:\WINDOWS\SYSTEM32\windows.storage.dll
0x00007ffe3fe50000 - 0x00007ffe401a5000 	C:\WINDOWS\System32\combase.dll
0x00007ffe3e4f0000 - 0x00007ffe3e51c000 	C:\WINDOWS\SYSTEM32\Wldp.dll
0x00007ffe409e0000 - 0x00007ffe40a8e000 	C:\WINDOWS\System32\SHCORE.dll
0x00007ffe401b0000 - 0x00007ffe40205000 	C:\WINDOWS\System32\shlwapi.dll
0x00007ffe3ea90000 - 0x00007ffe3eaaf000 	C:\WINDOWS\SYSTEM32\profapi.dll
0x00007ffe2b370000 - 0x00007ffe2b388000 	C:\Users\HP\.jdks\openjdk-15.0.2\bin\zip.dll
0x00007ffe2b3e0000 - 0x00007ffe2b3f9000 	C:\Users\HP\.jdks\openjdk-15.0.2\bin\net.dll
0x00007ffe31990000 - 0x00007ffe31a9b000 	C:\WINDOWS\SYSTEM32\WINHTTP.dll
0x00007ffe3e260000 - 0x00007ffe3e2ca000 	C:\WINDOWS\system32\mswsock.dll
0x00007ffe2b3c0000 - 0x00007ffe2b3d2000 	C:\Users\HP\.jdks\openjdk-15.0.2\bin\nio.dll
0x00007ffe2a0f0000 - 0x00007ffe2a10a000 	C:\Program Files\JetBrains\IntelliJ IDEA 2020.2.2\bin\breakgen64.dll
0x00007ffe3df90000 - 0x00007ffe3e05c000 	C:\WINDOWS\SYSTEM32\DNSAPI.dll
0x00007ffe3df50000 - 0x00007ffe3df8b000 	C:\WINDOWS\SYSTEM32\IPHLPAPI.DLL
0x00007ffe41010000 - 0x00007ffe41018000 	C:\WINDOWS\System32\NSI.dll
0x000000005ba00000 - 0x000000005ba26000 	C:\Program Files\Bonjour\mdnsNSP.dll
0x00007ffe352a0000 - 0x00007ffe352aa000 	C:\Windows\System32\rasadhlp.dll
0x00007ffe31120000 - 0x00007ffe3119f000 	C:\WINDOWS\System32\fwpuclnt.dll
0x00007ffe3f450000 - 0x00007ffe3f477000 	C:\WINDOWS\System32\bcrypt.dll
0x00007ffe2be80000 - 0x00007ffe2be89000 	C:\Users\HP\.jdks\openjdk-15.0.2\bin\management.dll
0x00007ffe2b3b0000 - 0x00007ffe2b3bb000 	C:\Users\HP\.jdks\openjdk-15.0.2\bin\management_ext.dll
0x00007ffe3e430000 - 0x00007ffe3e448000 	C:\WINDOWS\SYSTEM32\CRYPTSP.dll
0x00007ffe3dc00000 - 0x00007ffe3dc34000 	C:\WINDOWS\system32\rsaenh.dll
0x00007ffe3ea10000 - 0x00007ffe3ea3e000 	C:\WINDOWS\SYSTEM32\USERENV.dll
0x00007ffe3e450000 - 0x00007ffe3e45c000 	C:\WINDOWS\SYSTEM32\CRYPTBASE.dll
0x00007ffe32b60000 - 0x00007ffe32b77000 	C:\WINDOWS\SYSTEM32\dhcpcsvc6.DLL
0x00007ffe32b40000 - 0x00007ffe32b5d000 	C:\WINDOWS\SYSTEM32\dhcpcsvc.DLL
0x00007ffe2ddf0000 - 0x00007ffe2de07000 	C:\WINDOWS\system32\napinsp.dll
0x00007ffe2ddd0000 - 0x00007ffe2ddeb000 	C:\WINDOWS\system32\pnrpnsp.dll
0x00007ffe37f40000 - 0x00007ffe37f55000 	C:\WINDOWS\system32\wshbth.dll
0x00007ffe39a50000 - 0x00007ffe39a6d000 	C:\WINDOWS\system32\NLAapi.dll
0x00007ffe2ba80000 - 0x00007ffe2ba92000 	C:\WINDOWS\System32\winrnr.dll

dbghelp: loaded successfully - version: 4.0.5 - missing functions: none
symbol engine: initialized successfully - sym options: 0x614 - pdb path: .;C:\Users\HP\.jdks\openjdk-15.0.2\bin;C:\WINDOWS\SYSTEM32;C:\WINDOWS\WinSxS\amd64_microsoft.windows.common-controls_6595b64144ccf1df_6.0.19041.1052_none_60b8f8fd71f5e8cb;C:\Users\HP\.jdks\openjdk-15.0.2\bin\server;C:\Program Files\JetBrains\IntelliJ IDEA 2020.2.2\bin;C:\Program Files\Bonjour

VM Arguments:
jvm_args: -XX:TieredStopAtLevel=1 -Xverify:none -Dspring.output.ansi.enabled=always -javaagent:C:\Program Files\JetBrains\IntelliJ IDEA 2020.2.2\lib\idea_rt.jar=5280:C:\Program Files\JetBrains\IntelliJ IDEA 2020.2.2\bin -Dcom.sun.management.jmxremote -Dspring.jmx.enabled=true -Dspring.liveBeansView.mbeanDomain -Dspring.application.admin.enabled=true -Dfile.encoding=UTF-8 
java_command: uor.fot.canteen.CanteenApplication
java_class_path (initial): C:\Users\HP\Documents\SpringBootProjects\Canteen-Management-System\canteen\target\classes;C:\Users\HP\.m2\repository\org\springframework\boot\spring-boot-starter-data-jpa\2.5.2\spring-boot-starter-data-jpa-2.5.2.jar;C:\Users\HP\.m2\repository\org\springframework\boot\spring-boot-starter-aop\2.5.2\spring-boot-starter-aop-2.5.2.jar;C:\Users\HP\.m2\repository\org\springframework\spring-aop\5.3.8\spring-aop-5.3.8.jar;C:\Users\HP\.m2\repository\org\aspectj\aspectjweaver\1.9.6\aspectjweaver-1.9.6.jar;C:\Users\HP\.m2\repository\org\springframework\boot\spring-boot-starter-jdbc\2.5.2\spring-boot-starter-jdbc-2.5.2.jar;C:\Users\HP\.m2\repository\com\zaxxer\HikariCP\4.0.3\HikariCP-4.0.3.jar;C:\Users\HP\.m2\repository\org\springframework\spring-jdbc\5.3.8\spring-jdbc-5.3.8.jar;C:\Users\HP\.m2\repository\jakarta\transaction\jakarta.transaction-api\1.3.3\jakarta.transaction-api-1.3.3.jar;C:\Users\HP\.m2\repository\jakarta\persistence\jakarta.persistence-api\2.2.3\jakarta.persistence-api-2.2.3.jar;C:\Users\HP\.m2\repository\org\hibernate\hibernate-core\5.4.32.Final\hibernate-core-5.4.32.Final.jar;C:\Users\HP\.m2\repository\org\jboss\logging\jboss-logging\3.4.2.Final\jboss-logging-3.4.2.Final.jar;C:\Users\HP\.m2\repository\org\javassist\javassist\3.27.0-GA\javassist-3.27.0-GA.jar;C:\Users\HP\.m2\repository\net\bytebuddy\byte-buddy\1.10.22\byte-buddy-1.10.22.jar;C:\Users\HP\.m2\repository\antlr\antlr\2.7.7\antlr-2.7.7.jar;C:\Users\HP\.m2\repository\org\jboss\jandex\2.2.3.Final\jandex-2.2.3.Final.jar;C:\Users\HP\.m2\repository\com\fasterxml\classmate\1.5.1\classmate-1.5.1.jar;C:\Users\HP\.m2\repository\org\dom4j\dom4j\2.1.3\dom4j-2.1.3.jar;C:\Users\HP\.m2\repository\org\hibernate\common\hibernate-commons-annotations\5.1.2.Final\hibernate-commons-annotations-5.1.2.Final.jar;C:\Users\HP\.m2\repository\org\glassfish\jaxb\jaxb-runtime\2.3.4\jaxb-runtime-2.3.4.jar;C:\Users\HP\.m2\repository\org\glassfish\jaxb\txw2\2.3.4\txw2-2.3.4.jar;C:\Users\HP\.m2\reposito
Launcher Type: SUN_STANDARD

[Global flags]
     intx CICompilerCount                          = 2                                         {product} {ergonomic}
     uint ConcGCThreads                            = 1                                         {product} {ergonomic}
     uint G1ConcRefinementThreads                  = 2                                         {product} {ergonomic}
   size_t G1HeapRegionSize                         = 1048576                                   {product} {ergonomic}
    uintx GCDrainStackTargetSize                   = 64                                        {product} {ergonomic}
   size_t InitialHeapSize                          = 125829120                                 {product} {ergonomic}
     bool ManagementServer                         = true                                      {product} {command line}
   size_t MarkStackSize                            = 4194304                                   {product} {ergonomic}
   size_t MaxHeapSize                              = 2004877312                                {product} {ergonomic}
   size_t MaxNewSize                               = 1202716672                                {product} {ergonomic}
   size_t MinHeapDeltaBytes                        = 1048576                                   {product} {ergonomic}
   size_t MinHeapSize                              = 8388608                                   {product} {ergonomic}
    uintx NonNMethodCodeHeapSize                   = 6396312                                {pd product} {ergonomic}
    uintx NonProfiledCodeHeapSize                  = 245261928                              {pd product} {ergonomic}
    uintx ProfiledCodeHeapSize                     = 0                                      {pd product} {ergonomic}
    uintx ReservedCodeCacheSize                    = 251658240                              {pd product} {ergonomic}
     bool SegmentedCodeCache                       = true                                      {product} {ergonomic}
   size_t SoftMaxHeapSize                          = 2004877312                             {manageable} {ergonomic}
     intx TieredStopAtLevel                        = 1                                         {product} {command line}
     bool UseCompressedClassPointers               = true                                 {lp64_product} {ergonomic}
     bool UseCompressedOops                        = true                                 {lp64_product} {ergonomic}
     bool UseG1GC                                  = true                                      {product} {ergonomic}
     bool UseLargePagesIndividualAllocation        = false                                  {pd product} {ergonomic}

Logging:
Log output configuration:
 #0: stdout all=warning uptime,level,tags
 #1: stderr all=off uptime,level,tags

Environment Variables:
PATH=C:\Program Files\AdoptOpenJDK\jdk-11.0.10.9-hotspot\bin;C:\Program Files (x86)\Common Files\Oracle\Java\javapath;C:\WINDOWS\system32;C:\WINDOWS;C:\WINDOWS\System32\Wbem;C:\WINDOWS\System32\WindowsPowerShell\v1.0\;C:\WINDOWS\System32\OpenSSH\;C:\wamp\bin\mysql\mysql5.6.17\bin;C:\TDM-GCC-64\bin;C:\Program Files\Java\jdk1.8.0_202\bin;C:\Program Files\Java\jre1.8.0_231\bin;C:\Program Files\Git\cmd;C:\Program Files\MySQL\MySQL Shell 8.0\bin\;C:\Users\HP\AppData\Local\Microsoft\WindowsApps;C:\Users\HP\AppData\Local\Microsoft\WindowsApps;C:\Program Files\JetBrains\PhpStorm 2020.2.2\bin;;C:\Users\HP\AppData\Local\GitHubDesktop\bin;C:\wamp64\bin\mysql\mysql5.7.31\bin;;C:\Users\HP\AppData\Local\Programs\Microsoft VS Code\bin;C:\Program Files\JetBrains\CLion 2020.3.3\bin;
USERNAME=HP
OS=Windows_NT
PROCESSOR_IDENTIFIER=AMD64 Family 21 Model 112 Stepping 0, AuthenticAMD



---------------  S Y S T E M  ---------------

OS:
 Windows 10 , 64 bit Build 19041 (10.0.19041.1023)
OS uptime: 0 days 10:45 hours

CPU: total 2 (initial active 2) (2 cores per cpu, 1 threads per core) family 21 model 112 stepping 0 microcode 0x0, cmov, cx8, fxsr, mmx, sse, sse2, sse3, ssse3, sse4.1, sse4.2, popcnt, vzeroupper, avx, avx2, aes, clmul, 3dnowpref, lzcnt, sse4a, tsc, tscinvbit, tscinv, bmi1, bmi2, fma, clflush

Memory: 4k page, system-wide physical 7645M (2105M free)
TotalPageFile size 9466M (AvailPageFile size 5M)
current process WorkingSet (physical memory assigned to process): 190M, peak: 190M
current process commit charge ("private bytes"): 222M, peak: 226M

vm_info: OpenJDK 64-Bit Server VM (15.0.2+7-27) for windows-amd64 JRE (15.0.2+7-27), built on Dec  7 2020 20:02:38 by "mach5one" with unknown MS VC++:1925

END.
